{"/Users/kai/Programming/Buhba/components/BottomBar.tsx": {"path":"/Users/kai/Programming/Buhba/components/BottomBar.tsx","statementMap":{"0":{"start":{"line":13,"column":26},"end":{"line":17,"column":1}},"1":{"start":{"line":19,"column":47},"end":{"line":41,"column":1}},"2":{"start":{"line":20,"column":21},"end":{"line":20,"column":51}},"3":{"start":{"line":22,"column":2},"end":{"line":40,"column":4}},"4":{"start":{"line":25,"column":25},"end":{"line":25,"column":48}},"5":{"start":{"line":26,"column":22},"end":{"line":26,"column":67}},"6":{"start":{"line":28,"column":8},"end":{"line":37,"column":10}},"7":{"start":{"line":31,"column":27},"end":{"line":31,"column":56}},"8":{"start":{"line":43,"column":15},"end":{"line":71,"column":2}}},"fnMap":{"0":{"name":"(anonymous_0)","decl":{"start":{"line":19,"column":47},"end":{"line":19,"column":48}},"loc":{"start":{"line":19,"column":74},"end":{"line":41,"column":1}},"line":19},"1":{"name":"(anonymous_1)","decl":{"start":{"line":24,"column":16},"end":{"line":24,"column":17}},"loc":{"start":{"line":24,"column":25},"end":{"line":38,"column":7}},"line":24},"2":{"name":"(anonymous_2)","decl":{"start":{"line":31,"column":21},"end":{"line":31,"column":22}},"loc":{"start":{"line":31,"column":27},"end":{"line":31,"column":56}},"line":31}},"branchMap":{"0":{"loc":{"start":{"line":26,"column":22},"end":{"line":26,"column":67}},"type":"cond-expr","locations":[{"start":{"line":26,"column":33},"end":{"line":26,"column":47}},{"start":{"line":26,"column":50},"end":{"line":26,"column":67}}],"line":26}},"s":{"0":0,"1":0,"2":0,"3":0,"4":0,"5":0,"6":0,"7":0,"8":0},"f":{"0":0,"1":0,"2":0},"b":{"0":[0,0]}}
,"/Users/kai/Programming/Buhba/components/Button.tsx": {"path":"/Users/kai/Programming/Buhba/components/Button.tsx","statementMap":{"0":{"start":{"line":16,"column":45},"end":{"line":46,"column":1}},"1":{"start":{"line":24,"column":22},"end":{"line":29,"column":3}},"2":{"start":{"line":31,"column":20},"end":{"line":31,"column":82}},"3":{"start":{"line":33,"column":2},"end":{"line":45,"column":4}},"4":{"start":{"line":48,"column":15},"end":{"line":87,"column":2}}},"fnMap":{"0":{"name":"(anonymous_0)","decl":{"start":{"line":16,"column":45},"end":{"line":16,"column":46}},"loc":{"start":{"line":23,"column":6},"end":{"line":46,"column":1}},"line":23}},"branchMap":{"0":{"loc":{"start":{"line":19,"column":2},"end":{"line":19,"column":21}},"type":"default-arg","locations":[{"start":{"line":19,"column":12},"end":{"line":19,"column":21}}],"line":19},"1":{"loc":{"start":{"line":20,"column":2},"end":{"line":20,"column":17}},"type":"default-arg","locations":[{"start":{"line":20,"column":12},"end":{"line":20,"column":17}}],"line":20},"2":{"loc":{"start":{"line":21,"column":2},"end":{"line":21,"column":18}},"type":"default-arg","locations":[{"start":{"line":21,"column":13},"end":{"line":21,"column":18}}],"line":21},"3":{"loc":{"start":{"line":27,"column":4},"end":{"line":27,"column":44}},"type":"binary-expr","locations":[{"start":{"line":27,"column":5},"end":{"line":27,"column":13}},{"start":{"line":27,"column":17},"end":{"line":27,"column":24}},{"start":{"line":27,"column":29},"end":{"line":27,"column":44}}],"line":27},"4":{"loc":{"start":{"line":37,"column":16},"end":{"line":37,"column":35}},"type":"binary-expr","locations":[{"start":{"line":37,"column":16},"end":{"line":37,"column":24}},{"start":{"line":37,"column":28},"end":{"line":37,"column":35}}],"line":37},"5":{"loc":{"start":{"line":39,"column":7},"end":{"line":43,"column":7}},"type":"cond-expr","locations":[{"start":{"line":40,"column":8},"end":{"line":40,"column":98}},{"start":{"line":42,"column":8},"end":{"line":42,"column":46}}],"line":39},"6":{"loc":{"start":{"line":40,"column":34},"end":{"line":40,"column":94}},"type":"cond-expr","locations":[{"start":{"line":40,"column":58},"end":{"line":40,"column":75}},{"start":{"line":40,"column":78},"end":{"line":40,"column":94}}],"line":40}},"s":{"0":1,"1":0,"2":0,"3":0,"4":1},"f":{"0":0},"b":{"0":[0],"1":[0],"2":[0],"3":[0,0,0],"4":[0,0],"5":[0,0],"6":[0,0]},"_coverageSchema":"1a1c01bbd47fc00a2c39e90264f33305004495a9","hash":"7c680f1be9f2a413daa79a08a43956d2094b0b5f"}
,"/Users/kai/Programming/Buhba/components/DetailRow.tsx": {"path":"/Users/kai/Programming/Buhba/components/DetailRow.tsx","statementMap":{"0":{"start":{"line":10,"column":51},"end":{"line":15,"column":1}},"1":{"start":{"line":11,"column":2},"end":{"line":14,"column":9}},"2":{"start":{"line":17,"column":15},"end":{"line":39,"column":2}}},"fnMap":{"0":{"name":"(anonymous_0)","decl":{"start":{"line":10,"column":51},"end":{"line":10,"column":52}},"loc":{"start":{"line":11,"column":2},"end":{"line":14,"column":9}},"line":11}},"branchMap":{},"s":{"0":1,"1":0,"2":1},"f":{"0":0},"b":{},"_coverageSchema":"1a1c01bbd47fc00a2c39e90264f33305004495a9","hash":"a132d5ea4d87775882b9e005385a5ce31a94e3ef"}
,"/Users/kai/Programming/Buhba/components/EmptyState.tsx": {"path":"/Users/kai/Programming/Buhba/components/EmptyState.tsx","statementMap":{"0":{"start":{"line":11,"column":53},"end":{"line":16,"column":1}},"1":{"start":{"line":12,"column":2},"end":{"line":15,"column":17}},"2":{"start":{"line":18,"column":15},"end":{"line":36,"column":2}}},"fnMap":{"0":{"name":"(anonymous_0)","decl":{"start":{"line":11,"column":53},"end":{"line":11,"column":54}},"loc":{"start":{"line":12,"column":2},"end":{"line":15,"column":17}},"line":12}},"branchMap":{},"s":{"0":1,"1":0,"2":1},"f":{"0":0},"b":{},"_coverageSchema":"1a1c01bbd47fc00a2c39e90264f33305004495a9","hash":"82da0c0fbd20432d0c001e92e45fc9097b6e5b35"}
,"/Users/kai/Programming/Buhba/components/FormField.tsx": {"path":"/Users/kai/Programming/Buhba/components/FormField.tsx","statementMap":{"0":{"start":{"line":13,"column":51},"end":{"line":31,"column":1}},"1":{"start":{"line":20,"column":2},"end":{"line":30,"column":9}},"2":{"start":{"line":33,"column":15},"end":{"line":54,"column":2}}},"fnMap":{"0":{"name":"(anonymous_0)","decl":{"start":{"line":13,"column":51},"end":{"line":13,"column":52}},"loc":{"start":{"line":20,"column":2},"end":{"line":30,"column":9}},"line":20}},"branchMap":{"0":{"loc":{"start":{"line":18,"column":2},"end":{"line":18,"column":26}},"type":"default-arg","locations":[{"start":{"line":18,"column":17},"end":{"line":18,"column":26}}],"line":18}},"s":{"0":1,"1":0,"2":1},"f":{"0":0},"b":{"0":[0]},"_coverageSchema":"1a1c01bbd47fc00a2c39e90264f33305004495a9","hash":"e6e8bece128121ce77eeb6d963148c134b3a8d31"}
,"/Users/kai/Programming/Buhba/components/LoadingState.tsx": {"path":"/Users/kai/Programming/Buhba/components/LoadingState.tsx","statementMap":{"0":{"start":{"line":10,"column":57},"end":{"line":18,"column":1}},"1":{"start":{"line":11,"column":20},"end":{"line":11,"column":52}},"2":{"start":{"line":13,"column":2},"end":{"line":17,"column":4}},"3":{"start":{"line":20,"column":15},"end":{"line":27,"column":2}}},"fnMap":{"0":{"name":"(anonymous_0)","decl":{"start":{"line":10,"column":57},"end":{"line":10,"column":58}},"loc":{"start":{"line":10,"column":84},"end":{"line":18,"column":1}},"line":10}},"branchMap":{"0":{"loc":{"start":{"line":10,"column":60},"end":{"line":10,"column":77}},"type":"default-arg","locations":[{"start":{"line":10,"column":73},"end":{"line":10,"column":77}}],"line":10},"1":{"loc":{"start":{"line":11,"column":20},"end":{"line":11,"column":52}},"type":"cond-expr","locations":[{"start":{"line":11,"column":33},"end":{"line":11,"column":45}},{"start":{"line":11,"column":48},"end":{"line":11,"column":52}}],"line":11}},"s":{"0":0,"1":0,"2":0,"3":0},"f":{"0":0},"b":{"0":[0],"1":[0,0]}}
,"/Users/kai/Programming/Buhba/components/MyDrinkCard.tsx": {"path":"/Users/kai/Programming/Buhba/components/MyDrinkCard.tsx","statementMap":{"0":{"start":{"line":13,"column":48},"end":{"line":36,"column":2}},"1":{"start":{"line":14,"column":32},"end":{"line":14,"column":49}},"2":{"start":{"line":16,"column":2},"end":{"line":35,"column":4}},"3":{"start":{"line":38,"column":0},"end":{"line":38,"column":40}},"4":{"start":{"line":40,"column":15},"end":{"line":75,"column":2}}},"fnMap":{"0":{"name":"(anonymous_0)","decl":{"start":{"line":13,"column":53},"end":{"line":13,"column":54}},"loc":{"start":{"line":13,"column":81},"end":{"line":36,"column":1}},"line":13}},"branchMap":{"0":{"loc":{"start":{"line":19,"column":9},"end":{"line":26,"column":9}},"type":"cond-expr","locations":[{"start":{"line":20,"column":10},"end":{"line":20,"column":67}},{"start":{"line":22,"column":10},"end":{"line":25,"column":12}}],"line":19},"1":{"loc":{"start":{"line":23,"column":20},"end":{"line":23,"column":70}},"type":"cond-expr","locations":[{"start":{"line":23,"column":31},"end":{"line":23,"column":48}},{"start":{"line":23,"column":51},"end":{"line":23,"column":70}}],"line":23}},"s":{"0":0,"1":0,"2":0,"3":0,"4":0},"f":{"0":0},"b":{"0":[0,0],"1":[0,0]}}
,"/Users/kai/Programming/Buhba/components/StatsCard.tsx": {"path":"/Users/kai/Programming/Buhba/components/StatsCard.tsx","statementMap":{"0":{"start":{"line":11,"column":51},"end":{"line":17,"column":1}},"1":{"start":{"line":12,"column":2},"end":{"line":16,"column":9}},"2":{"start":{"line":19,"column":15},"end":{"line":51,"column":2}}},"fnMap":{"0":{"name":"(anonymous_0)","decl":{"start":{"line":11,"column":51},"end":{"line":11,"column":52}},"loc":{"start":{"line":12,"column":2},"end":{"line":16,"column":9}},"line":12}},"branchMap":{},"s":{"0":1,"1":0,"2":1},"f":{"0":0},"b":{},"_coverageSchema":"1a1c01bbd47fc00a2c39e90264f33305004495a9","hash":"05cab0641b1f099706e6e07d4275a65e509afccb"}
,"/Users/kai/Programming/Buhba/components/index.ts": {"path":"/Users/kai/Programming/Buhba/components/index.ts","statementMap":{},"fnMap":{},"branchMap":{},"s":{},"f":{},"b":{}}
,"/Users/kai/Programming/Buhba/hooks/index.ts": {"path":"/Users/kai/Programming/Buhba/hooks/index.ts","statementMap":{},"fnMap":{},"branchMap":{},"s":{},"f":{},"b":{}}
,"/Users/kai/Programming/Buhba/hooks/useCurrentUser.ts": {"path":"/Users/kai/Programming/Buhba/hooks/useCurrentUser.ts","statementMap":{"0":{"start":{"line":12,"column":30},"end":{"line":45,"column":1}},"1":{"start":{"line":13,"column":26},"end":{"line":13,"column":57}},"2":{"start":{"line":14,"column":32},"end":{"line":14,"column":46}},"3":{"start":{"line":16,"column":20},"end":{"line":31,"column":8}},"4":{"start":{"line":17,"column":4},"end":{"line":30,"column":5}},"5":{"start":{"line":18,"column":26},"end":{"line":18,"column":48}},"6":{"start":{"line":19,"column":22},"end":{"line":19,"column":46}},"7":{"start":{"line":21,"column":6},"end":{"line":25,"column":9}},"8":{"start":{"line":27,"column":6},"end":{"line":27,"column":20}},"9":{"start":{"line":29,"column":6},"end":{"line":29,"column":24}},"10":{"start":{"line":33,"column":2},"end":{"line":42,"column":18}},"11":{"start":{"line":34,"column":4},"end":{"line":34,"column":16}},"12":{"start":{"line":36,"column":21},"end":{"line":39,"column":6}},"13":{"start":{"line":37,"column":6},"end":{"line":37,"column":52}},"14":{"start":{"line":37,"column":40},"end":{"line":37,"column":52}},"15":{"start":{"line":38,"column":6},"end":{"line":38,"column":55}},"16":{"start":{"line":38,"column":41},"end":{"line":38,"column":55}},"17":{"start":{"line":41,"column":4},"end":{"line":41,"column":28}},"18":{"start":{"line":41,"column":17},"end":{"line":41,"column":27}},"19":{"start":{"line":44,"column":2},"end":{"line":44,"column":47}}},"fnMap":{"0":{"name":"(anonymous_0)","decl":{"start":{"line":12,"column":30},"end":{"line":12,"column":31}},"loc":{"start":{"line":12,"column":58},"end":{"line":45,"column":1}},"line":12},"1":{"name":"(anonymous_1)","decl":{"start":{"line":16,"column":32},"end":{"line":16,"column":33}},"loc":{"start":{"line":16,"column":44},"end":{"line":31,"column":3}},"line":16},"2":{"name":"(anonymous_2)","decl":{"start":{"line":33,"column":12},"end":{"line":33,"column":13}},"loc":{"start":{"line":33,"column":18},"end":{"line":42,"column":3}},"line":33},"3":{"name":"(anonymous_3)","decl":{"start":{"line":36,"column":40},"end":{"line":36,"column":41}},"loc":{"start":{"line":36,"column":57},"end":{"line":39,"column":5}},"line":36},"4":{"name":"(anonymous_4)","decl":{"start":{"line":41,"column":11},"end":{"line":41,"column":12}},"loc":{"start":{"line":41,"column":17},"end":{"line":41,"column":27}},"line":41}},"branchMap":{"0":{"loc":{"start":{"line":23,"column":20},"end":{"line":23,"column":44}},"type":"binary-expr","locations":[{"start":{"line":23,"column":20},"end":{"line":23,"column":38}},{"start":{"line":23,"column":42},"end":{"line":23,"column":44}}],"line":23},"1":{"loc":{"start":{"line":37,"column":6},"end":{"line":37,"column":52}},"type":"if","locations":[{"start":{"line":37,"column":6},"end":{"line":37,"column":52}},{"start":{},"end":{}}],"line":37},"2":{"loc":{"start":{"line":38,"column":6},"end":{"line":38,"column":55}},"type":"if","locations":[{"start":{"line":38,"column":6},"end":{"line":38,"column":55}},{"start":{},"end":{}}],"line":38}},"s":{"0":0,"1":0,"2":0,"3":0,"4":0,"5":0,"6":0,"7":0,"8":0,"9":0,"10":0,"11":0,"12":0,"13":0,"14":0,"15":0,"16":0,"17":0,"18":0,"19":0},"f":{"0":0,"1":0,"2":0,"3":0,"4":0},"b":{"0":[0,0],"1":[0,0],"2":[0,0]}}
,"/Users/kai/Programming/Buhba/hooks/useS3Image.ts": {"path":"/Users/kai/Programming/Buhba/hooks/useS3Image.ts","statementMap":{"0":{"start":{"line":10,"column":26},"end":{"line":46,"column":1}},"1":{"start":{"line":11,"column":34},"end":{"line":11,"column":63}},"2":{"start":{"line":12,"column":32},"end":{"line":12,"column":46}},"3":{"start":{"line":13,"column":38},"end":{"line":13,"column":49}},"4":{"start":{"line":15,"column":18},"end":{"line":17,"column":8}},"5":{"start":{"line":16,"column":4},"end":{"line":16,"column":38}},"6":{"start":{"line":16,"column":28},"end":{"line":16,"column":36}},"7":{"start":{"line":19,"column":2},"end":{"line":43,"column":26}},"8":{"start":{"line":20,"column":18},"end":{"line":20,"column":22}},"9":{"start":{"line":22,"column":21},"end":{"line":36,"column":5}},"10":{"start":{"line":23,"column":6},"end":{"line":27,"column":7}},"11":{"start":{"line":24,"column":8},"end":{"line":24,"column":26}},"12":{"start":{"line":25,"column":8},"end":{"line":25,"column":26}},"13":{"start":{"line":26,"column":8},"end":{"line":26,"column":15}},"14":{"start":{"line":29,"column":6},"end":{"line":29,"column":23}},"15":{"start":{"line":30,"column":18},"end":{"line":30,"column":48}},"16":{"start":{"line":32,"column":6},"end":{"line":35,"column":7}},"17":{"start":{"line":33,"column":8},"end":{"line":33,"column":25}},"18":{"start":{"line":34,"column":8},"end":{"line":34,"column":26}},"19":{"start":{"line":38,"column":4},"end":{"line":38,"column":15}},"20":{"start":{"line":40,"column":4},"end":{"line":42,"column":6}},"21":{"start":{"line":41,"column":6},"end":{"line":41,"column":22}},"22":{"start":{"line":45,"column":2},"end":{"line":45,"column":40}}},"fnMap":{"0":{"name":"(anonymous_0)","decl":{"start":{"line":10,"column":26},"end":{"line":10,"column":27}},"loc":{"start":{"line":10,"column":70},"end":{"line":46,"column":1}},"line":10},"1":{"name":"(anonymous_1)","decl":{"start":{"line":15,"column":30},"end":{"line":15,"column":31}},"loc":{"start":{"line":15,"column":36},"end":{"line":17,"column":3}},"line":15},"2":{"name":"(anonymous_2)","decl":{"start":{"line":16,"column":18},"end":{"line":16,"column":19}},"loc":{"start":{"line":16,"column":28},"end":{"line":16,"column":36}},"line":16},"3":{"name":"(anonymous_3)","decl":{"start":{"line":19,"column":12},"end":{"line":19,"column":13}},"loc":{"start":{"line":19,"column":18},"end":{"line":43,"column":3}},"line":19},"4":{"name":"(anonymous_4)","decl":{"start":{"line":22,"column":21},"end":{"line":22,"column":22}},"loc":{"start":{"line":22,"column":33},"end":{"line":36,"column":5}},"line":22},"5":{"name":"(anonymous_5)","decl":{"start":{"line":40,"column":11},"end":{"line":40,"column":12}},"loc":{"start":{"line":40,"column":17},"end":{"line":42,"column":5}},"line":40}},"branchMap":{"0":{"loc":{"start":{"line":23,"column":6},"end":{"line":27,"column":7}},"type":"if","locations":[{"start":{"line":23,"column":6},"end":{"line":27,"column":7}},{"start":{},"end":{}}],"line":23},"1":{"loc":{"start":{"line":32,"column":6},"end":{"line":35,"column":7}},"type":"if","locations":[{"start":{"line":32,"column":6},"end":{"line":35,"column":7}},{"start":{},"end":{}}],"line":32}},"s":{"0":0,"1":0,"2":0,"3":0,"4":0,"5":0,"6":0,"7":0,"8":0,"9":0,"10":0,"11":0,"12":0,"13":0,"14":0,"15":0,"16":0,"17":0,"18":0,"19":0,"20":0,"21":0,"22":0},"f":{"0":0,"1":0,"2":0,"3":0,"4":0,"5":0},"b":{"0":[0,0],"1":[0,0]}}
,"/Users/kai/Programming/Buhba/pages/AddDrink.tsx": {"path":"/Users/kai/Programming/Buhba/pages/AddDrink.tsx","statementMap":{"0":{"start":{"line":23,"column":32},"end":{"line":30,"column":1}},"1":{"start":{"line":33,"column":27},"end":{"line":198,"column":1}},"2":{"start":{"line":34,"column":26},"end":{"line":34,"column":59}},"3":{"start":{"line":35,"column":30},"end":{"line":35,"column":45}},"4":{"start":{"line":36,"column":19},"end":{"line":36,"column":35}},"5":{"start":{"line":38,"column":22},"end":{"line":40,"column":8}},"6":{"start":{"line":39,"column":4},"end":{"line":39,"column":53}},"7":{"start":{"line":39,"column":23},"end":{"line":39,"column":50}},"8":{"start":{"line":42,"column":23},"end":{"line":51,"column":3}},"9":{"start":{"line":43,"column":4},"end":{"line":43,"column":60}},"10":{"start":{"line":43,"column":29},"end":{"line":43,"column":60}},"11":{"start":{"line":44,"column":25},"end":{"line":44,"column":47}},"12":{"start":{"line":45,"column":4},"end":{"line":45,"column":86}},"13":{"start":{"line":45,"column":50},"end":{"line":45,"column":86}},"14":{"start":{"line":46,"column":4},"end":{"line":46,"column":56}},"15":{"start":{"line":46,"column":28},"end":{"line":46,"column":56}},"16":{"start":{"line":47,"column":4},"end":{"line":47,"column":62}},"17":{"start":{"line":47,"column":31},"end":{"line":47,"column":62}},"18":{"start":{"line":48,"column":4},"end":{"line":48,"column":62}},"19":{"start":{"line":48,"column":30},"end":{"line":48,"column":62}},"20":{"start":{"line":49,"column":4},"end":{"line":49,"column":56}},"21":{"start":{"line":49,"column":24},"end":{"line":49,"column":56}},"22":{"start":{"line":50,"column":4},"end":{"line":50,"column":16}},"23":{"start":{"line":53,"column":20},"end":{"line":96,"column":3}},"24":{"start":{"line":54,"column":18},"end":{"line":54,"column":32}},"25":{"start":{"line":55,"column":4},"end":{"line":58,"column":5}},"26":{"start":{"line":56,"column":6},"end":{"line":56,"column":45}},"27":{"start":{"line":57,"column":6},"end":{"line":57,"column":13}},"28":{"start":{"line":60,"column":4},"end":{"line":63,"column":5}},"29":{"start":{"line":61,"column":6},"end":{"line":61,"column":48}},"30":{"start":{"line":62,"column":6},"end":{"line":62,"column":13}},"31":{"start":{"line":65,"column":4},"end":{"line":65,"column":20}},"32":{"start":{"line":67,"column":4},"end":{"line":95,"column":5}},"33":{"start":{"line":68,"column":23},"end":{"line":68,"column":48}},"34":{"start":{"line":69,"column":29},"end":{"line":69,"column":72}},"35":{"start":{"line":71,"column":6},"end":{"line":85,"column":9}},"36":{"start":{"line":72,"column":8},"end":{"line":84,"column":11}},"37":{"start":{"line":73,"column":10},"end":{"line":73,"column":44}},"38":{"start":{"line":74,"column":10},"end":{"line":74,"column":47}},"39":{"start":{"line":75,"column":10},"end":{"line":75,"column":42}},"40":{"start":{"line":76,"column":10},"end":{"line":76,"column":48}},"41":{"start":{"line":77,"column":10},"end":{"line":77,"column":38}},"42":{"start":{"line":78,"column":10},"end":{"line":78,"column":61}},"43":{"start":{"line":79,"column":10},"end":{"line":79,"column":31}},"44":{"start":{"line":80,"column":10},"end":{"line":80,"column":30}},"45":{"start":{"line":81,"column":10},"end":{"line":81,"column":41}},"46":{"start":{"line":82,"column":10},"end":{"line":82,"column":31}},"47":{"start":{"line":83,"column":10},"end":{"line":83,"column":42}},"48":{"start":{"line":87,"column":6},"end":{"line":87,"column":26}},"49":{"start":{"line":88,"column":6},"end":{"line":88,"column":65}},"50":{"start":{"line":89,"column":6},"end":{"line":89,"column":28}},"51":{"start":{"line":91,"column":6},"end":{"line":91,"column":46}},"52":{"start":{"line":92,"column":6},"end":{"line":92,"column":70}},"53":{"start":{"line":94,"column":6},"end":{"line":94,"column":23}},"54":{"start":{"line":97,"column":20},"end":{"line":108,"column":3}},"55":{"start":{"line":98,"column":19},"end":{"line":103,"column":6}},"56":{"start":{"line":105,"column":4},"end":{"line":107,"column":5}},"57":{"start":{"line":106,"column":6},"end":{"line":106,"column":52}},"58":{"start":{"line":110,"column":20},"end":{"line":126,"column":3}},"59":{"start":{"line":111,"column":23},"end":{"line":111,"column":72}},"60":{"start":{"line":112,"column":4},"end":{"line":115,"column":5}},"61":{"start":{"line":113,"column":6},"end":{"line":113,"column":74}},"62":{"start":{"line":114,"column":6},"end":{"line":114,"column":13}},"63":{"start":{"line":117,"column":19},"end":{"line":121,"column":6}},"64":{"start":{"line":123,"column":4},"end":{"line":125,"column":5}},"65":{"start":{"line":124,"column":6},"end":{"line":124,"column":52}},"66":{"start":{"line":128,"column":2},"end":{"line":197,"column":4}},"67":{"start":{"line":148,"column":42},"end":{"line":148,"column":69}},"68":{"start":{"line":156,"column":12},"end":{"line":156,"column":69}},"69":{"start":{"line":156,"column":42},"end":{"line":156,"column":69}},"70":{"start":{"line":165,"column":42},"end":{"line":165,"column":68}},"71":{"start":{"line":172,"column":42},"end":{"line":172,"column":71}},"72":{"start":{"line":178,"column":12},"end":{"line":184,"column":31}},"73":{"start":{"line":180,"column":29},"end":{"line":180,"column":57}},"74":{"start":{"line":200,"column":15},"end":{"line":249,"column":2}}},"fnMap":{"0":{"name":"(anonymous_0)","decl":{"start":{"line":33,"column":27},"end":{"line":33,"column":28}},"loc":{"start":{"line":33,"column":33},"end":{"line":198,"column":1}},"line":33},"1":{"name":"(anonymous_1)","decl":{"start":{"line":38,"column":34},"end":{"line":38,"column":35}},"loc":{"start":{"line":38,"column":96},"end":{"line":40,"column":3}},"line":38},"2":{"name":"(anonymous_2)","decl":{"start":{"line":39,"column":12},"end":{"line":39,"column":13}},"loc":{"start":{"line":39,"column":23},"end":{"line":39,"column":50}},"line":39},"3":{"name":"(anonymous_3)","decl":{"start":{"line":42,"column":23},"end":{"line":42,"column":24}},"loc":{"start":{"line":42,"column":44},"end":{"line":51,"column":3}},"line":42},"4":{"name":"(anonymous_4)","decl":{"start":{"line":53,"column":20},"end":{"line":53,"column":21}},"loc":{"start":{"line":53,"column":32},"end":{"line":96,"column":3}},"line":53},"5":{"name":"(anonymous_5)","decl":{"start":{"line":71,"column":27},"end":{"line":71,"column":28}},"loc":{"start":{"line":71,"column":39},"end":{"line":85,"column":7}},"line":71},"6":{"name":"(anonymous_6)","decl":{"start":{"line":72,"column":63},"end":{"line":72,"column":64}},"loc":{"start":{"line":72,"column":74},"end":{"line":84,"column":9}},"line":72},"7":{"name":"(anonymous_7)","decl":{"start":{"line":97,"column":20},"end":{"line":97,"column":21}},"loc":{"start":{"line":97,"column":32},"end":{"line":108,"column":3}},"line":97},"8":{"name":"(anonymous_8)","decl":{"start":{"line":110,"column":20},"end":{"line":110,"column":21}},"loc":{"start":{"line":110,"column":32},"end":{"line":126,"column":3}},"line":110},"9":{"name":"(anonymous_9)","decl":{"start":{"line":148,"column":24},"end":{"line":148,"column":25}},"loc":{"start":{"line":148,"column":42},"end":{"line":148,"column":69}},"line":148},"10":{"name":"(anonymous_10)","decl":{"start":{"line":155,"column":24},"end":{"line":155,"column":25}},"loc":{"start":{"line":155,"column":42},"end":{"line":157,"column":11}},"line":155},"11":{"name":"(anonymous_11)","decl":{"start":{"line":165,"column":24},"end":{"line":165,"column":25}},"loc":{"start":{"line":165,"column":42},"end":{"line":165,"column":68}},"line":165},"12":{"name":"(anonymous_12)","decl":{"start":{"line":172,"column":24},"end":{"line":172,"column":25}},"loc":{"start":{"line":172,"column":42},"end":{"line":172,"column":71}},"line":172},"13":{"name":"(anonymous_13)","decl":{"start":{"line":177,"column":23},"end":{"line":177,"column":24}},"loc":{"start":{"line":178,"column":12},"end":{"line":184,"column":31}},"line":178},"14":{"name":"(anonymous_14)","decl":{"start":{"line":180,"column":23},"end":{"line":180,"column":24}},"loc":{"start":{"line":180,"column":29},"end":{"line":180,"column":57}},"line":180}},"branchMap":{"0":{"loc":{"start":{"line":43,"column":4},"end":{"line":43,"column":60}},"type":"if","locations":[{"start":{"line":43,"column":4},"end":{"line":43,"column":60}},{"start":{},"end":{}}],"line":43},"1":{"loc":{"start":{"line":45,"column":4},"end":{"line":45,"column":86}},"type":"if","locations":[{"start":{"line":45,"column":4},"end":{"line":45,"column":86}},{"start":{},"end":{}}],"line":45},"2":{"loc":{"start":{"line":45,"column":8},"end":{"line":45,"column":48}},"type":"binary-expr","locations":[{"start":{"line":45,"column":8},"end":{"line":45,"column":27}},{"start":{"line":45,"column":31},"end":{"line":45,"column":48}}],"line":45},"3":{"loc":{"start":{"line":46,"column":4},"end":{"line":46,"column":56}},"type":"if","locations":[{"start":{"line":46,"column":4},"end":{"line":46,"column":56}},{"start":{},"end":{}}],"line":46},"4":{"loc":{"start":{"line":47,"column":4},"end":{"line":47,"column":62}},"type":"if","locations":[{"start":{"line":47,"column":4},"end":{"line":47,"column":62}},{"start":{},"end":{}}],"line":47},"5":{"loc":{"start":{"line":48,"column":4},"end":{"line":48,"column":62}},"type":"if","locations":[{"start":{"line":48,"column":4},"end":{"line":48,"column":62}},{"start":{},"end":{}}],"line":48},"6":{"loc":{"start":{"line":49,"column":4},"end":{"line":49,"column":56}},"type":"if","locations":[{"start":{"line":49,"column":4},"end":{"line":49,"column":56}},{"start":{},"end":{}}],"line":49},"7":{"loc":{"start":{"line":55,"column":4},"end":{"line":58,"column":5}},"type":"if","locations":[{"start":{"line":55,"column":4},"end":{"line":58,"column":5}},{"start":{},"end":{}}],"line":55},"8":{"loc":{"start":{"line":60,"column":4},"end":{"line":63,"column":5}},"type":"if","locations":[{"start":{"line":60,"column":4},"end":{"line":63,"column":5}},{"start":{},"end":{}}],"line":60},"9":{"loc":{"start":{"line":105,"column":4},"end":{"line":107,"column":5}},"type":"if","locations":[{"start":{"line":105,"column":4},"end":{"line":107,"column":5}},{"start":{},"end":{}}],"line":105},"10":{"loc":{"start":{"line":105,"column":8},"end":{"line":105,"column":44}},"type":"binary-expr","locations":[{"start":{"line":105,"column":8},"end":{"line":105,"column":24}},{"start":{"line":105,"column":28},"end":{"line":105,"column":44}}],"line":105},"11":{"loc":{"start":{"line":112,"column":4},"end":{"line":115,"column":5}},"type":"if","locations":[{"start":{"line":112,"column":4},"end":{"line":115,"column":5}},{"start":{},"end":{}}],"line":112},"12":{"loc":{"start":{"line":123,"column":4},"end":{"line":125,"column":5}},"type":"if","locations":[{"start":{"line":123,"column":4},"end":{"line":125,"column":5}},{"start":{},"end":{}}],"line":123},"13":{"loc":{"start":{"line":123,"column":8},"end":{"line":123,"column":44}},"type":"binary-expr","locations":[{"start":{"line":123,"column":8},"end":{"line":123,"column":24}},{"start":{"line":123,"column":28},"end":{"line":123,"column":44}}],"line":123},"14":{"loc":{"start":{"line":135,"column":18},"end":{"line":135,"column":78}},"type":"cond-expr","locations":[{"start":{"line":135,"column":34},"end":{"line":135,"column":56}},{"start":{"line":135,"column":59},"end":{"line":135,"column":78}}],"line":135},"15":{"loc":{"start":{"line":156,"column":12},"end":{"line":156,"column":69}},"type":"if","locations":[{"start":{"line":156,"column":12},"end":{"line":156,"column":69}},{"start":{},"end":{}}],"line":156},"16":{"loc":{"start":{"line":181,"column":42},"end":{"line":181,"column":93}},"type":"binary-expr","locations":[{"start":{"line":181,"column":42},"end":{"line":181,"column":63}},{"start":{"line":181,"column":67},"end":{"line":181,"column":93}}],"line":181}},"s":{"0":0,"1":0,"2":0,"3":0,"4":0,"5":0,"6":0,"7":0,"8":0,"9":0,"10":0,"11":0,"12":0,"13":0,"14":0,"15":0,"16":0,"17":0,"18":0,"19":0,"20":0,"21":0,"22":0,"23":0,"24":0,"25":0,"26":0,"27":0,"28":0,"29":0,"30":0,"31":0,"32":0,"33":0,"34":0,"35":0,"36":0,"37":0,"38":0,"39":0,"40":0,"41":0,"42":0,"43":0,"44":0,"45":0,"46":0,"47":0,"48":0,"49":0,"50":0,"51":0,"52":0,"53":0,"54":0,"55":0,"56":0,"57":0,"58":0,"59":0,"60":0,"61":0,"62":0,"63":0,"64":0,"65":0,"66":0,"67":0,"68":0,"69":0,"70":0,"71":0,"72":0,"73":0,"74":0},"f":{"0":0,"1":0,"2":0,"3":0,"4":0,"5":0,"6":0,"7":0,"8":0,"9":0,"10":0,"11":0,"12":0,"13":0,"14":0},"b":{"0":[0,0],"1":[0,0],"2":[0,0],"3":[0,0],"4":[0,0],"5":[0,0],"6":[0,0],"7":[0,0],"8":[0,0],"9":[0,0],"10":[0,0],"11":[0,0],"12":[0,0],"13":[0,0],"14":[0,0],"15":[0,0],"16":[0,0]}}
,"/Users/kai/Programming/Buhba/pages/DrinkDetail.tsx": {"path":"/Users/kai/Programming/Buhba/pages/DrinkDetail.tsx","statementMap":{"0":{"start":{"line":13,"column":30},"end":{"line":70,"column":1}},"1":{"start":{"line":14,"column":16},"end":{"line":14,"column":72}},"2":{"start":{"line":15,"column":22},"end":{"line":15,"column":34}},"3":{"start":{"line":16,"column":28},"end":{"line":16,"column":56}},"4":{"start":{"line":17,"column":32},"end":{"line":17,"column":46}},"5":{"start":{"line":19,"column":46},"end":{"line":19,"column":78}},"6":{"start":{"line":21,"column":2},"end":{"line":33,"column":16}},"7":{"start":{"line":22,"column":23},"end":{"line":31,"column":5}},"8":{"start":{"line":23,"column":6},"end":{"line":30,"column":7}},"9":{"start":{"line":24,"column":26},"end":{"line":24,"column":87}},"10":{"start":{"line":25,"column":8},"end":{"line":25,"column":28}},"11":{"start":{"line":27,"column":8},"end":{"line":27,"column":55}},"12":{"start":{"line":29,"column":8},"end":{"line":29,"column":26}},"13":{"start":{"line":32,"column":4},"end":{"line":32,"column":17}},"14":{"start":{"line":35,"column":2},"end":{"line":37,"column":3}},"15":{"start":{"line":36,"column":4},"end":{"line":36,"column":28}},"16":{"start":{"line":39,"column":2},"end":{"line":45,"column":3}},"17":{"start":{"line":40,"column":4},"end":{"line":44,"column":6}},"18":{"start":{"line":47,"column":2},"end":{"line":69,"column":4}},"19":{"start":{"line":72,"column":15},"end":{"line":112,"column":2}}},"fnMap":{"0":{"name":"(anonymous_0)","decl":{"start":{"line":13,"column":30},"end":{"line":13,"column":31}},"loc":{"start":{"line":13,"column":36},"end":{"line":70,"column":1}},"line":13},"1":{"name":"(anonymous_1)","decl":{"start":{"line":21,"column":12},"end":{"line":21,"column":13}},"loc":{"start":{"line":21,"column":18},"end":{"line":33,"column":3}},"line":21},"2":{"name":"(anonymous_2)","decl":{"start":{"line":22,"column":23},"end":{"line":22,"column":24}},"loc":{"start":{"line":22,"column":35},"end":{"line":31,"column":5}},"line":22}},"branchMap":{"0":{"loc":{"start":{"line":19,"column":57},"end":{"line":19,"column":77}},"type":"binary-expr","locations":[{"start":{"line":19,"column":57},"end":{"line":19,"column":69}},{"start":{"line":19,"column":73},"end":{"line":19,"column":77}}],"line":19},"1":{"loc":{"start":{"line":35,"column":2},"end":{"line":37,"column":3}},"type":"if","locations":[{"start":{"line":35,"column":2},"end":{"line":37,"column":3}},{"start":{},"end":{}}],"line":35},"2":{"loc":{"start":{"line":39,"column":2},"end":{"line":45,"column":3}},"type":"if","locations":[{"start":{"line":39,"column":2},"end":{"line":45,"column":3}},{"start":{},"end":{}}],"line":39},"3":{"loc":{"start":{"line":50,"column":9},"end":{"line":57,"column":9}},"type":"cond-expr","locations":[{"start":{"line":51,"column":10},"end":{"line":51,"column":67}},{"start":{"line":53,"column":10},"end":{"line":56,"column":12}}],"line":50},"4":{"loc":{"start":{"line":54,"column":20},"end":{"line":54,"column":71}},"type":"cond-expr","locations":[{"start":{"line":54,"column":31},"end":{"line":54,"column":48}},{"start":{"line":54,"column":51},"end":{"line":54,"column":71}}],"line":54},"5":{"loc":{"start":{"line":67,"column":40},"end":{"line":67,"column":74}},"type":"binary-expr","locations":[{"start":{"line":67,"column":40},"end":{"line":67,"column":67}},{"start":{"line":67,"column":71},"end":{"line":67,"column":74}}],"line":67}},"s":{"0":0,"1":0,"2":0,"3":0,"4":0,"5":0,"6":0,"7":0,"8":0,"9":0,"10":0,"11":0,"12":0,"13":0,"14":0,"15":0,"16":0,"17":0,"18":0,"19":0},"f":{"0":0,"1":0,"2":0},"b":{"0":[0,0],"1":[0,0],"2":[0,0],"3":[0,0],"4":[0,0],"5":[0,0]}}
,"/Users/kai/Programming/Buhba/pages/Gallery.tsx": {"path":"/Users/kai/Programming/Buhba/pages/Gallery.tsx","statementMap":{"0":{"start":{"line":11,"column":26},"end":{"line":73,"column":1}},"1":{"start":{"line":12,"column":30},"end":{"line":12,"column":51}},"2":{"start":{"line":13,"column":21},"end":{"line":13,"column":77}},"3":{"start":{"line":15,"column":22},"end":{"line":22,"column":8}},"4":{"start":{"line":16,"column":4},"end":{"line":21,"column":5}},"5":{"start":{"line":17,"column":24},"end":{"line":17,"column":87}},"6":{"start":{"line":18,"column":6},"end":{"line":18,"column":27}},"7":{"start":{"line":20,"column":6},"end":{"line":20,"column":54}},"8":{"start":{"line":24,"column":2},"end":{"line":28,"column":4}},"9":{"start":{"line":26,"column":6},"end":{"line":26,"column":20}},"10":{"start":{"line":30,"column":27},"end":{"line":35,"column":3}},"11":{"start":{"line":32,"column":6},"end":{"line":32,"column":54}},"12":{"start":{"line":37,"column":21},"end":{"line":44,"column":3}},"13":{"start":{"line":39,"column":6},"end":{"line":41,"column":25}},"14":{"start":{"line":39,"column":39},"end":{"line":39,"column":64}},"15":{"start":{"line":46,"column":23},"end":{"line":46,"column":64}},"16":{"start":{"line":46,"column":52},"end":{"line":46,"column":59}},"17":{"start":{"line":48,"column":2},"end":{"line":55,"column":3}},"18":{"start":{"line":49,"column":4},"end":{"line":54,"column":6}},"19":{"start":{"line":57,"column":2},"end":{"line":72,"column":4}},"20":{"start":{"line":75,"column":15},"end":{"line":87,"column":2}}},"fnMap":{"0":{"name":"(anonymous_0)","decl":{"start":{"line":11,"column":26},"end":{"line":11,"column":27}},"loc":{"start":{"line":11,"column":32},"end":{"line":73,"column":1}},"line":11},"1":{"name":"(anonymous_1)","decl":{"start":{"line":15,"column":34},"end":{"line":15,"column":35}},"loc":{"start":{"line":15,"column":46},"end":{"line":22,"column":3}},"line":15},"2":{"name":"(anonymous_2)","decl":{"start":{"line":25,"column":16},"end":{"line":25,"column":17}},"loc":{"start":{"line":25,"column":22},"end":{"line":27,"column":5}},"line":25},"3":{"name":"(anonymous_3)","decl":{"start":{"line":31,"column":4},"end":{"line":31,"column":5}},"loc":{"start":{"line":31,"column":25},"end":{"line":33,"column":5}},"line":31},"4":{"name":"(anonymous_4)","decl":{"start":{"line":38,"column":4},"end":{"line":38,"column":5}},"loc":{"start":{"line":39,"column":6},"end":{"line":41,"column":25}},"line":39},"5":{"name":"(anonymous_5)","decl":{"start":{"line":39,"column":33},"end":{"line":39,"column":34}},"loc":{"start":{"line":39,"column":39},"end":{"line":39,"column":64}},"line":39},"6":{"name":"(anonymous_6)","decl":{"start":{"line":46,"column":35},"end":{"line":46,"column":36}},"loc":{"start":{"line":46,"column":52},"end":{"line":46,"column":59}},"line":46}},"branchMap":{"0":{"loc":{"start":{"line":48,"column":2},"end":{"line":55,"column":3}},"type":"if","locations":[{"start":{"line":48,"column":2},"end":{"line":55,"column":3}},{"start":{},"end":{}}],"line":48}},"s":{"0":0,"1":0,"2":0,"3":0,"4":0,"5":0,"6":0,"7":0,"8":0,"9":0,"10":0,"11":0,"12":0,"13":0,"14":0,"15":0,"16":0,"17":0,"18":0,"19":0,"20":0},"f":{"0":0,"1":0,"2":0,"3":0,"4":0,"5":0,"6":0},"b":{"0":[0,0]}}
,"/Users/kai/Programming/Buhba/pages/Stats.tsx": {"path":"/Users/kai/Programming/Buhba/pages/Stats.tsx","statementMap":{"0":{"start":{"line":11,"column":24},"end":{"line":80,"column":1}},"1":{"start":{"line":12,"column":30},"end":{"line":12,"column":51}},"2":{"start":{"line":14,"column":22},"end":{"line":21,"column":8}},"3":{"start":{"line":15,"column":4},"end":{"line":20,"column":5}},"4":{"start":{"line":16,"column":24},"end":{"line":16,"column":87}},"5":{"start":{"line":17,"column":6},"end":{"line":17,"column":27}},"6":{"start":{"line":19,"column":6},"end":{"line":19,"column":54}},"7":{"start":{"line":23,"column":2},"end":{"line":27,"column":4}},"8":{"start":{"line":25,"column":6},"end":{"line":25,"column":20}},"9":{"start":{"line":29,"column":27},"end":{"line":46,"column":14}},"10":{"start":{"line":30,"column":24},"end":{"line":30,"column":49}},"11":{"start":{"line":31,"column":21},"end":{"line":31,"column":22}},"12":{"start":{"line":33,"column":4},"end":{"line":36,"column":7}},"13":{"start":{"line":34,"column":6},"end":{"line":34,"column":32}},"14":{"start":{"line":35,"column":6},"end":{"line":35,"column":76}},"15":{"start":{"line":38,"column":22},"end":{"line":38,"column":88}},"16":{"start":{"line":38,"column":64},"end":{"line":38,"column":75}},"17":{"start":{"line":40,"column":4},"end":{"line":45,"column":6}},"18":{"start":{"line":48,"column":2},"end":{"line":50,"column":3}},"19":{"start":{"line":49,"column":4},"end":{"line":49,"column":92}},"20":{"start":{"line":52,"column":23},"end":{"line":52,"column":58}},"21":{"start":{"line":54,"column":2},"end":{"line":79,"column":4}},"22":{"start":{"line":72,"column":12},"end":{"line":74,"column":19}},"23":{"start":{"line":82,"column":15},"end":{"line":121,"column":2}}},"fnMap":{"0":{"name":"(anonymous_0)","decl":{"start":{"line":11,"column":24},"end":{"line":11,"column":25}},"loc":{"start":{"line":11,"column":30},"end":{"line":80,"column":1}},"line":11},"1":{"name":"(anonymous_1)","decl":{"start":{"line":14,"column":34},"end":{"line":14,"column":35}},"loc":{"start":{"line":14,"column":46},"end":{"line":21,"column":3}},"line":14},"2":{"name":"(anonymous_2)","decl":{"start":{"line":24,"column":16},"end":{"line":24,"column":17}},"loc":{"start":{"line":24,"column":22},"end":{"line":26,"column":5}},"line":24},"3":{"name":"(anonymous_3)","decl":{"start":{"line":29,"column":35},"end":{"line":29,"column":36}},"loc":{"start":{"line":29,"column":41},"end":{"line":46,"column":3}},"line":29},"4":{"name":"(anonymous_4)","decl":{"start":{"line":33,"column":19},"end":{"line":33,"column":20}},"loc":{"start":{"line":33,"column":30},"end":{"line":36,"column":5}},"line":33},"5":{"name":"(anonymous_5)","decl":{"start":{"line":38,"column":54},"end":{"line":38,"column":55}},"loc":{"start":{"line":38,"column":64},"end":{"line":38,"column":75}},"line":38},"6":{"name":"(anonymous_6)","decl":{"start":{"line":71,"column":31},"end":{"line":71,"column":32}},"loc":{"start":{"line":72,"column":12},"end":{"line":74,"column":19}},"line":72}},"branchMap":{"0":{"loc":{"start":{"line":35,"column":36},"end":{"line":35,"column":69}},"type":"binary-expr","locations":[{"start":{"line":35,"column":36},"end":{"line":35,"column":64}},{"start":{"line":35,"column":68},"end":{"line":35,"column":69}}],"line":35},"1":{"loc":{"start":{"line":48,"column":2},"end":{"line":50,"column":3}},"type":"if","locations":[{"start":{"line":48,"column":2},"end":{"line":50,"column":3}},{"start":{},"end":{}}],"line":48},"2":{"loc":{"start":{"line":68,"column":7},"end":{"line":77,"column":7}},"type":"binary-expr","locations":[{"start":{"line":68,"column":7},"end":{"line":68,"column":33}},{"start":{"line":69,"column":8},"end":{"line":76,"column":15}}],"line":68},"3":{"loc":{"start":{"line":73,"column":50},"end":{"line":73,"column":70}},"type":"cond-expr","locations":[{"start":{"line":73,"column":62},"end":{"line":73,"column":65}},{"start":{"line":73,"column":68},"end":{"line":73,"column":70}}],"line":73}},"s":{"0":0,"1":0,"2":0,"3":0,"4":0,"5":0,"6":0,"7":0,"8":0,"9":0,"10":0,"11":0,"12":0,"13":0,"14":0,"15":0,"16":0,"17":0,"18":0,"19":0,"20":0,"21":0,"22":0,"23":0},"f":{"0":0,"1":0,"2":0,"3":0,"4":0,"5":0,"6":0},"b":{"0":[0,0],"1":[0,0],"2":[0,0],"3":[0,0]}}
,"/Users/kai/Programming/Buhba/pages/index.ts": {"path":"/Users/kai/Programming/Buhba/pages/index.ts","statementMap":{},"fnMap":{},"branchMap":{},"s":{},"f":{},"b":{}}
,"/Users/kai/Programming/Buhba/services/imageCacheService.ts": {"path":"/Users/kai/Programming/Buhba/services/imageCacheService.ts","statementMap":{"0":{"start":{"line":9,"column":17},"end":{"line":9,"column":46}},"1":{"start":{"line":11,"column":33},"end":{"line":29,"column":1}},"2":{"start":{"line":12,"column":2},"end":{"line":12,"column":26}},"3":{"start":{"line":12,"column":14},"end":{"line":12,"column":26}},"4":{"start":{"line":14,"column":17},"end":{"line":14,"column":36}},"5":{"start":{"line":15,"column":14},"end":{"line":15,"column":24}},"6":{"start":{"line":17,"column":2},"end":{"line":19,"column":3}},"7":{"start":{"line":18,"column":4},"end":{"line":18,"column":22}},"8":{"start":{"line":21,"column":2},"end":{"line":28,"column":3}},"9":{"start":{"line":22,"column":16},"end":{"line":22,"column":40}},"10":{"start":{"line":23,"column":4},"end":{"line":23,"column":66}},"11":{"start":{"line":24,"column":4},"end":{"line":24,"column":15}},"12":{"start":{"line":26,"column":4},"end":{"line":26,"column":53}},"13":{"start":{"line":27,"column":4},"end":{"line":27,"column":16}},"14":{"start":{"line":31,"column":31},"end":{"line":33,"column":1}},"15":{"start":{"line":32,"column":2},"end":{"line":32,"column":19}},"16":{"start":{"line":35,"column":31},"end":{"line":37,"column":1}},"17":{"start":{"line":36,"column":2},"end":{"line":36,"column":32}}},"fnMap":{"0":{"name":"(anonymous_0)","decl":{"start":{"line":11,"column":33},"end":{"line":11,"column":34}},"loc":{"start":{"line":11,"column":89},"end":{"line":29,"column":1}},"line":11},"1":{"name":"(anonymous_1)","decl":{"start":{"line":31,"column":31},"end":{"line":31,"column":32}},"loc":{"start":{"line":31,"column":43},"end":{"line":33,"column":1}},"line":31},"2":{"name":"(anonymous_2)","decl":{"start":{"line":35,"column":31},"end":{"line":35,"column":32}},"loc":{"start":{"line":35,"column":59},"end":{"line":37,"column":1}},"line":35}},"branchMap":{"0":{"loc":{"start":{"line":12,"column":2},"end":{"line":12,"column":26}},"type":"if","locations":[{"start":{"line":12,"column":2},"end":{"line":12,"column":26}},{"start":{},"end":{}}],"line":12},"1":{"loc":{"start":{"line":17,"column":2},"end":{"line":19,"column":3}},"type":"if","locations":[{"start":{"line":17,"column":2},"end":{"line":19,"column":3}},{"start":{},"end":{}}],"line":17},"2":{"loc":{"start":{"line":17,"column":6},"end":{"line":17,"column":35}},"type":"binary-expr","locations":[{"start":{"line":17,"column":6},"end":{"line":17,"column":12}},{"start":{"line":17,"column":16},"end":{"line":17,"column":35}}],"line":17}},"s":{"0":1,"1":1,"2":9,"3":1,"4":8,"5":8,"6":8,"7":1,"8":7,"9":7,"10":6,"11":6,"12":1,"13":1,"14":1,"15":8,"16":1,"17":2},"f":{"0":9,"1":8,"2":2},"b":{"0":[1,8],"1":[1,7],"2":[8,1]},"_coverageSchema":"1a1c01bbd47fc00a2c39e90264f33305004495a9","hash":"fb0cfec808f4911a5a1b6ff2805f3464a89b93aa"}
,"/Users/kai/Programming/Buhba/services/index.ts": {"path":"/Users/kai/Programming/Buhba/services/index.ts","statementMap":{},"fnMap":{},"branchMap":{},"s":{},"f":{},"b":{}}
,"/Users/kai/Programming/Buhba/services/storageService.ts": {"path":"/Users/kai/Programming/Buhba/services/storageService.ts","statementMap":{"0":{"start":{"line":12,"column":29},"end":{"line":18,"column":1}},"1":{"start":{"line":13,"column":18},"end":{"line":13,"column":42}},"2":{"start":{"line":14,"column":2},"end":{"line":16,"column":3}},"3":{"start":{"line":15,"column":4},"end":{"line":15,"column":55}},"4":{"start":{"line":17,"column":2},"end":{"line":17,"column":28}},"5":{"start":{"line":23,"column":27},"end":{"line":51,"column":1}},"6":{"start":{"line":27,"column":21},"end":{"line":27,"column":42}},"7":{"start":{"line":28,"column":16},"end":{"line":28,"column":50}},"8":{"start":{"line":30,"column":19},"end":{"line":30,"column":35}},"9":{"start":{"line":31,"column":2},"end":{"line":33,"column":3}},"10":{"start":{"line":32,"column":4},"end":{"line":32,"column":56}},"11":{"start":{"line":34,"column":15},"end":{"line":34,"column":36}},"12":{"start":{"line":36,"column":26},"end":{"line":42,"column":4}},"13":{"start":{"line":44,"column":2},"end":{"line":44,"column":31}},"14":{"start":{"line":46,"column":20},"end":{"line":48,"column":4}},"15":{"start":{"line":50,"column":2},"end":{"line":50,"column":50}},"16":{"start":{"line":56,"column":27},"end":{"line":65,"column":1}},"17":{"start":{"line":57,"column":21},"end":{"line":57,"column":42}},"18":{"start":{"line":59,"column":17},"end":{"line":62,"column":4}},"19":{"start":{"line":64,"column":2},"end":{"line":64,"column":31}},"20":{"start":{"line":70,"column":27},"end":{"line":76,"column":1}},"21":{"start":{"line":71,"column":21},"end":{"line":71,"column":42}},"22":{"start":{"line":73,"column":2},"end":{"line":75,"column":5}}},"fnMap":{"0":{"name":"(anonymous_0)","decl":{"start":{"line":12,"column":29},"end":{"line":12,"column":30}},"loc":{"start":{"line":12,"column":58},"end":{"line":18,"column":1}},"line":12},"1":{"name":"(anonymous_1)","decl":{"start":{"line":23,"column":27},"end":{"line":23,"column":28}},"loc":{"start":{"line":26,"column":28},"end":{"line":51,"column":1}},"line":26},"2":{"name":"(anonymous_2)","decl":{"start":{"line":56,"column":27},"end":{"line":56,"column":28}},"loc":{"start":{"line":56,"column":69},"end":{"line":65,"column":1}},"line":56},"3":{"name":"(anonymous_3)","decl":{"start":{"line":70,"column":27},"end":{"line":70,"column":28}},"loc":{"start":{"line":70,"column":67},"end":{"line":76,"column":1}},"line":70}},"branchMap":{"0":{"loc":{"start":{"line":14,"column":2},"end":{"line":16,"column":3}},"type":"if","locations":[{"start":{"line":14,"column":2},"end":{"line":16,"column":3}},{"start":{},"end":{}}],"line":14},"1":{"loc":{"start":{"line":31,"column":2},"end":{"line":33,"column":3}},"type":"if","locations":[{"start":{"line":31,"column":2},"end":{"line":33,"column":3}},{"start":{},"end":{}}],"line":31}},"s":{"0":1,"1":6,"2":6,"3":1,"4":5,"5":1,"6":2,"7":2,"8":2,"9":2,"10":1,"11":1,"12":1,"13":1,"14":1,"15":1,"16":1,"17":1,"18":1,"19":1,"20":1,"21":1,"22":1},"f":{"0":6,"1":2,"2":1,"3":1},"b":{"0":[1,5],"1":[1,1]},"_coverageSchema":"1a1c01bbd47fc00a2c39e90264f33305004495a9","hash":"77ad89b055889dc105cc5836e3b5c76be76c3171"}
,"/Users/kai/Programming/Buhba/services/syncService.ts": {"path":"/Users/kai/Programming/Buhba/services/syncService.ts","statementMap":{"0":{"start":{"line":7,"column":20},"end":{"line":7,"column":40}},"1":{"start":{"line":12,"column":18},"end":{"line":18,"column":1}},"2":{"start":{"line":13,"column":18},"end":{"line":13,"column":42}},"3":{"start":{"line":14,"column":2},"end":{"line":16,"column":3}},"4":{"start":{"line":15,"column":4},"end":{"line":15,"column":44}},"5":{"start":{"line":17,"column":2},"end":{"line":17,"column":28}},"6":{"start":{"line":23,"column":20},"end":{"line":34,"column":2}},"7":{"start":{"line":23,"column":50},"end":{"line":34,"column":1}},"8":{"start":{"line":39,"column":27},"end":{"line":64,"column":1}},"9":{"start":{"line":40,"column":17},"end":{"line":40,"column":34}},"10":{"start":{"line":42,"column":17},"end":{"line":42,"column":80}},"11":{"start":{"line":43,"column":21},"end":{"line":43,"column":62}},"12":{"start":{"line":43,"column":42},"end":{"line":43,"column":61}},"13":{"start":{"line":44,"column":15},"end":{"line":44,"column":42}},"14":{"start":{"line":46,"column":26},"end":{"line":52,"column":4}},"15":{"start":{"line":54,"column":2},"end":{"line":54,"column":31}},"16":{"start":{"line":57,"column":2},"end":{"line":63,"column":5}},"17":{"start":{"line":58,"column":4},"end":{"line":62,"column":5}},"18":{"start":{"line":59,"column":6},"end":{"line":61,"column":9}},"19":{"start":{"line":60,"column":8},"end":{"line":60,"column":24}},"20":{"start":{"line":69,"column":29},"end":{"line":107,"column":1}},"21":{"start":{"line":70,"column":17},"end":{"line":70,"column":34}},"22":{"start":{"line":72,"column":2},"end":{"line":106,"column":3}},"23":{"start":{"line":73,"column":30},"end":{"line":75,"column":6}},"24":{"start":{"line":77,"column":21},"end":{"line":77,"column":51}},"25":{"start":{"line":78,"column":17},"end":{"line":78,"column":34}},"26":{"start":{"line":79,"column":37},"end":{"line":79,"column":53}},"27":{"start":{"line":81,"column":24},"end":{"line":81,"column":87}},"28":{"start":{"line":82,"column":26},"end":{"line":82,"column":63}},"29":{"start":{"line":82,"column":57},"end":{"line":82,"column":61}},"30":{"start":{"line":84,"column":4},"end":{"line":102,"column":7}},"31":{"start":{"line":85,"column":6},"end":{"line":101,"column":7}},"32":{"start":{"line":86,"column":8},"end":{"line":100,"column":9}},"33":{"start":{"line":87,"column":10},"end":{"line":99,"column":13}},"34":{"start":{"line":88,"column":12},"end":{"line":88,"column":42}},"35":{"start":{"line":89,"column":12},"end":{"line":89,"column":45}},"36":{"start":{"line":90,"column":12},"end":{"line":90,"column":43}},"37":{"start":{"line":91,"column":12},"end":{"line":91,"column":43}},"38":{"start":{"line":92,"column":12},"end":{"line":92,"column":49}},"39":{"start":{"line":93,"column":12},"end":{"line":93,"column":45}},"40":{"start":{"line":94,"column":12},"end":{"line":94,"column":41}},"41":{"start":{"line":95,"column":12},"end":{"line":95,"column":43}},"42":{"start":{"line":96,"column":12},"end":{"line":96,"column":34}},"43":{"start":{"line":97,"column":12},"end":{"line":97,"column":32}},"44":{"start":{"line":98,"column":12},"end":{"line":98,"column":67}},"45":{"start":{"line":105,"column":4},"end":{"line":105,"column":60}}},"fnMap":{"0":{"name":"(anonymous_0)","decl":{"start":{"line":12,"column":18},"end":{"line":12,"column":19}},"loc":{"start":{"line":12,"column":47},"end":{"line":18,"column":1}},"line":12},"1":{"name":"(anonymous_1)","decl":{"start":{"line":23,"column":20},"end":{"line":23,"column":21}},"loc":{"start":{"line":23,"column":50},"end":{"line":34,"column":1}},"line":23},"2":{"name":"(anonymous_2)","decl":{"start":{"line":39,"column":27},"end":{"line":39,"column":28}},"loc":{"start":{"line":39,"column":54},"end":{"line":64,"column":1}},"line":39},"3":{"name":"(anonymous_3)","decl":{"start":{"line":43,"column":35},"end":{"line":43,"column":36}},"loc":{"start":{"line":43,"column":42},"end":{"line":43,"column":61}},"line":43},"4":{"name":"(anonymous_4)","decl":{"start":{"line":57,"column":23},"end":{"line":57,"column":24}},"loc":{"start":{"line":57,"column":35},"end":{"line":63,"column":3}},"line":57},"5":{"name":"(anonymous_5)","decl":{"start":{"line":59,"column":25},"end":{"line":59,"column":26}},"loc":{"start":{"line":59,"column":32},"end":{"line":61,"column":7}},"line":59},"6":{"name":"(anonymous_6)","decl":{"start":{"line":69,"column":29},"end":{"line":69,"column":30}},"loc":{"start":{"line":69,"column":56},"end":{"line":107,"column":1}},"line":69},"7":{"name":"(anonymous_7)","decl":{"start":{"line":82,"column":50},"end":{"line":82,"column":51}},"loc":{"start":{"line":82,"column":57},"end":{"line":82,"column":61}},"line":82},"8":{"name":"(anonymous_8)","decl":{"start":{"line":84,"column":25},"end":{"line":84,"column":26}},"loc":{"start":{"line":84,"column":37},"end":{"line":102,"column":5}},"line":84},"9":{"name":"(anonymous_9)","decl":{"start":{"line":87,"column":65},"end":{"line":87,"column":66}},"loc":{"start":{"line":87,"column":76},"end":{"line":99,"column":11}},"line":87}},"branchMap":{"0":{"loc":{"start":{"line":14,"column":2},"end":{"line":16,"column":3}},"type":"if","locations":[{"start":{"line":14,"column":2},"end":{"line":16,"column":3}},{"start":{},"end":{}}],"line":14},"1":{"loc":{"start":{"line":33,"column":16},"end":{"line":33,"column":59}},"type":"binary-expr","locations":[{"start":{"line":33,"column":16},"end":{"line":33,"column":45}},{"start":{"line":33,"column":49},"end":{"line":33,"column":59}}],"line":33},"2":{"loc":{"start":{"line":86,"column":8},"end":{"line":100,"column":9}},"type":"if","locations":[{"start":{"line":86,"column":8},"end":{"line":100,"column":9}},{"start":{},"end":{}}],"line":86}},"s":{"0":1,"1":1,"2":5,"3":5,"4":1,"5":4,"6":1,"7":1,"8":1,"9":2,"10":1,"11":1,"12":1,"13":1,"14":1,"15":1,"16":1,"17":1,"18":1,"19":1,"20":1,"21":3,"22":3,"23":3,"24":3,"25":2,"26":2,"27":2,"28":2,"29":1,"30":2,"31":2,"32":2,"33":1,"34":0,"35":0,"36":0,"37":0,"38":0,"39":0,"40":0,"41":0,"42":0,"43":0,"44":0,"45":1},"f":{"0":5,"1":1,"2":2,"3":1,"4":1,"5":1,"6":3,"7":1,"8":2,"9":0},"b":{"0":[1,4],"1":[1,0],"2":[1,1]},"_coverageSchema":"1a1c01bbd47fc00a2c39e90264f33305004495a9","hash":"2e95fcc70971da985ebf916df010a01c4568fd1e"}
,"/Users/kai/Programming/Buhba/src/config/amplify.ts": {"path":"/Users/kai/Programming/Buhba/src/config/amplify.ts","statementMap":{"0":{"start":{"line":8,"column":32},"end":{"line":10,"column":1}},"1":{"start":{"line":9,"column":2},"end":{"line":9,"column":35}}},"fnMap":{"0":{"name":"(anonymous_0)","decl":{"start":{"line":8,"column":32},"end":{"line":8,"column":33}},"loc":{"start":{"line":8,"column":44},"end":{"line":10,"column":1}},"line":8}},"branchMap":{},"s":{"0":0,"1":0},"f":{"0":0},"b":{}}
,"/Users/kai/Programming/Buhba/src/config/index.ts": {"path":"/Users/kai/Programming/Buhba/src/config/index.ts","statementMap":{},"fnMap":{},"branchMap":{},"s":{},"f":{},"b":{}}
,"/Users/kai/Programming/Buhba/src/constants/index.ts": {"path":"/Users/kai/Programming/Buhba/src/constants/index.ts","statementMap":{"0":{"start":{"line":4,"column":33},"end":{"line":4,"column":47}},"1":{"start":{"line":6,"column":30},"end":{"line":9,"column":10}}},"fnMap":{},"branchMap":{},"s":{"0":1,"1":1},"f":{},"b":{},"_coverageSchema":"1a1c01bbd47fc00a2c39e90264f33305004495a9","hash":"31b0560c840af0e5dd63489f21c9ed391fbb526e"}
,"/Users/kai/Programming/Buhba/src/constants/ratings.ts": {"path":"/Users/kai/Programming/Buhba/src/constants/ratings.ts","statementMap":{"0":{"start":{"line":1,"column":23},"end":{"line":6,"column":10}},"1":{"start":{"line":8,"column":53},"end":{"line":13,"column":1}}},"fnMap":{},"branchMap":{},"s":{"0":2,"1":2},"f":{},"b":{},"_coverageSchema":"1a1c01bbd47fc00a2c39e90264f33305004495a9","hash":"52692cbcbc1294c3aca645dc02c381df06f0e8d9"}
,"/Users/kai/Programming/Buhba/src/constants/theme.ts": {"path":"/Users/kai/Programming/Buhba/src/constants/theme.ts","statementMap":{"0":{"start":{"line":3,"column":22},"end":{"line":19,"column":10}},"1":{"start":{"line":21,"column":23},"end":{"line":28,"column":10}},"2":{"start":{"line":30,"column":26},"end":{"line":39,"column":10}},"3":{"start":{"line":41,"column":29},"end":{"line":47,"column":10}},"4":{"start":{"line":49,"column":23},"end":{"line":64,"column":10}},"5":{"start":{"line":66,"column":28},"end":{"line":128,"column":2}}},"fnMap":{},"branchMap":{},"s":{"0":7,"1":7,"2":7,"3":7,"4":7,"5":7},"f":{},"b":{},"_coverageSchema":"1a1c01bbd47fc00a2c39e90264f33305004495a9","hash":"00c652a1c13a737c013ec121ef251721767ee897"}
,"/Users/kai/Programming/Buhba/src/types/index.ts": {"path":"/Users/kai/Programming/Buhba/src/types/index.ts","statementMap":{},"fnMap":{},"branchMap":{},"s":{},"f":{},"b":{}}
,"/Users/kai/Programming/Buhba/src/types/navigation.ts": {"path":"/Users/kai/Programming/Buhba/src/types/navigation.ts","statementMap":{},"fnMap":{},"branchMap":{},"s":{},"f":{},"b":{}}
}
