{
  "/Users/kai/Programming/Buhba/services/imageCacheService.ts": {
    "path": "/Users/kai/Programming/Buhba/services/imageCacheService.ts",
    "statementMap": {
      "0": { "start": { "line": 16, "column": 17 }, "end": { "line": 16, "column": 46 } },
      "1": { "start": { "line": 17, "column": 16 }, "end": { "line": 17, "column": 17 } },
      "2": { "start": { "line": 18, "column": 18 }, "end": { "line": 18, "column": 19 } },
      "3": { "start": { "line": 23, "column": 33 }, "end": { "line": 46, "column": 1 } },
      "4": { "start": { "line": 24, "column": 2 }, "end": { "line": 24, "column": 26 } },
      "5": { "start": { "line": 24, "column": 14 }, "end": { "line": 24, "column": 26 } },
      "6": { "start": { "line": 26, "column": 17 }, "end": { "line": 26, "column": 36 } },
      "7": { "start": { "line": 27, "column": 14 }, "end": { "line": 27, "column": 24 } },
      "8": { "start": { "line": 29, "column": 2 }, "end": { "line": 32, "column": 3 } },
      "9": { "start": { "line": 30, "column": 4 }, "end": { "line": 30, "column": 16 } },
      "10": { "start": { "line": 31, "column": 4 }, "end": { "line": 31, "column": 22 } },
      "11": { "start": { "line": 34, "column": 2 }, "end": { "line": 34, "column": 16 } },
      "12": { "start": { "line": 36, "column": 2 }, "end": { "line": 45, "column": 3 } },
      "13": { "start": { "line": 37, "column": 16 }, "end": { "line": 37, "column": 40 } },
      "14": { "start": { "line": 38, "column": 4 }, "end": { "line": 38, "column": 66 } },
      "15": { "start": { "line": 39, "column": 4 }, "end": { "line": 39, "column": 15 } },
      "16": { "start": { "line": 41, "column": 4 }, "end": { "line": 43, "column": 5 } },
      "17": { "start": { "line": 42, "column": 6 }, "end": { "line": 42, "column": 55 } },
      "18": { "start": { "line": 44, "column": 4 }, "end": { "line": 44, "column": 16 } },
      "19": { "start": { "line": 51, "column": 30 }, "end": { "line": 62, "column": 1 } },
      "20": { "start": { "line": 52, "column": 20 }, "end": { "line": 52, "column": 71 } },
      "21": { "start": { "line": 52, "column": 58 }, "end": { "line": 52, "column": 70 } },
      "22": { "start": { "line": 55, "column": 15 }, "end": { "line": 55, "column": 80 } },
      "23": { "start": { "line": 55, "column": 56 }, "end": { "line": 55, "column": 78 } },
      "24": { "start": { "line": 58, "column": 20 }, "end": { "line": 58, "column": 69 } },
      "25": { "start": { "line": 58, "column": 56 }, "end": { "line": 58, "column": 68 } },
      "26": { "start": { "line": 59, "column": 2 }, "end": { "line": 61, "column": 3 } },
      "27": { "start": { "line": 60, "column": 4 }, "end": { "line": 60, "column": 36 } },
      "28": { "start": { "line": 67, "column": 31 }, "end": { "line": 71, "column": 1 } },
      "29": { "start": { "line": 68, "column": 2 }, "end": { "line": 68, "column": 19 } },
      "30": { "start": { "line": 69, "column": 2 }, "end": { "line": 69, "column": 16 } },
      "31": { "start": { "line": 70, "column": 2 }, "end": { "line": 70, "column": 18 } },
      "32": { "start": { "line": 76, "column": 31 }, "end": { "line": 78, "column": 1 } },
      "33": { "start": { "line": 77, "column": 2 }, "end": { "line": 77, "column": 32 } },
      "34": { "start": { "line": 83, "column": 29 }, "end": { "line": 87, "column": 2 } },
      "35": { "start": { "line": 83, "column": 48 }, "end": { "line": 87, "column": 1 } },
      "36": { "start": { "line": 92, "column": 33 }, "end": { "line": 104, "column": 1 } },
      "37": { "start": { "line": 93, "column": 14 }, "end": { "line": 93, "column": 24 } },
      "38": { "start": { "line": 94, "column": 16 }, "end": { "line": 94, "column": 17 } },
      "39": { "start": { "line": 96, "column": 2 }, "end": { "line": 101, "column": 3 } },
      "40": { "start": { "line": 97, "column": 4 }, "end": { "line": 100, "column": 5 } },
      "41": { "start": { "line": 98, "column": 6 }, "end": { "line": 98, "column": 27 } },
      "42": { "start": { "line": 99, "column": 6 }, "end": { "line": 99, "column": 16 } },
      "43": { "start": { "line": 103, "column": 2 }, "end": { "line": 103, "column": 17 } }
    },
    "fnMap": {
      "0": {
        "name": "(anonymous_0)",
        "decl": { "start": { "line": 23, "column": 33 }, "end": { "line": 23, "column": 34 } },
        "loc": { "start": { "line": 23, "column": 89 }, "end": { "line": 46, "column": 1 } },
        "line": 23
      },
      "1": {
        "name": "(anonymous_1)",
        "decl": { "start": { "line": 51, "column": 30 }, "end": { "line": 51, "column": 31 } },
        "loc": { "start": { "line": 51, "column": 82 }, "end": { "line": 62, "column": 1 } },
        "line": 51
      },
      "2": {
        "name": "(anonymous_2)",
        "decl": { "start": { "line": 52, "column": 34 }, "end": { "line": 52, "column": 35 } },
        "loc": { "start": { "line": 52, "column": 58 }, "end": { "line": 52, "column": 70 } },
        "line": 52
      },
      "3": {
        "name": "(anonymous_3)",
        "decl": { "start": { "line": 55, "column": 47 }, "end": { "line": 55, "column": 48 } },
        "loc": { "start": { "line": 55, "column": 56 }, "end": { "line": 55, "column": 78 } },
        "line": 55
      },
      "4": {
        "name": "(anonymous_4)",
        "decl": { "start": { "line": 58, "column": 32 }, "end": { "line": 58, "column": 33 } },
        "loc": { "start": { "line": 58, "column": 56 }, "end": { "line": 58, "column": 68 } },
        "line": 58
      },
      "5": {
        "name": "(anonymous_5)",
        "decl": { "start": { "line": 67, "column": 31 }, "end": { "line": 67, "column": 32 } },
        "loc": { "start": { "line": 67, "column": 43 }, "end": { "line": 71, "column": 1 } },
        "line": 67
      },
      "6": {
        "name": "(anonymous_6)",
        "decl": { "start": { "line": 76, "column": 31 }, "end": { "line": 76, "column": 32 } },
        "loc": { "start": { "line": 76, "column": 59 }, "end": { "line": 78, "column": 1 } },
        "line": 76
      },
      "7": {
        "name": "(anonymous_7)",
        "decl": { "start": { "line": 83, "column": 29 }, "end": { "line": 83, "column": 30 } },
        "loc": { "start": { "line": 83, "column": 48 }, "end": { "line": 87, "column": 1 } },
        "line": 83
      },
      "8": {
        "name": "(anonymous_8)",
        "decl": { "start": { "line": 92, "column": 33 }, "end": { "line": 92, "column": 34 } },
        "loc": { "start": { "line": 92, "column": 47 }, "end": { "line": 104, "column": 1 } },
        "line": 92
      }
    },
    "branchMap": {
      "0": {
        "loc": { "start": { "line": 24, "column": 2 }, "end": { "line": 24, "column": 26 } },
        "type": "if",
        "locations": [
          { "start": { "line": 24, "column": 2 }, "end": { "line": 24, "column": 26 } },
          { "start": {}, "end": {} }
        ],
        "line": 24
      },
      "1": {
        "loc": { "start": { "line": 29, "column": 2 }, "end": { "line": 32, "column": 3 } },
        "type": "if",
        "locations": [
          { "start": { "line": 29, "column": 2 }, "end": { "line": 32, "column": 3 } },
          { "start": {}, "end": {} }
        ],
        "line": 29
      },
      "2": {
        "loc": { "start": { "line": 29, "column": 6 }, "end": { "line": 29, "column": 35 } },
        "type": "binary-expr",
        "locations": [
          { "start": { "line": 29, "column": 6 }, "end": { "line": 29, "column": 12 } },
          { "start": { "line": 29, "column": 16 }, "end": { "line": 29, "column": 35 } }
        ],
        "line": 29
      },
      "3": {
        "loc": { "start": { "line": 41, "column": 4 }, "end": { "line": 43, "column": 5 } },
        "type": "if",
        "locations": [
          { "start": { "line": 41, "column": 4 }, "end": { "line": 43, "column": 5 } },
          { "start": {}, "end": {} }
        ],
        "line": 41
      },
      "4": {
        "loc": { "start": { "line": 59, "column": 2 }, "end": { "line": 61, "column": 3 } },
        "type": "if",
        "locations": [
          { "start": { "line": 59, "column": 2 }, "end": { "line": 61, "column": 3 } },
          { "start": {}, "end": {} }
        ],
        "line": 59
      },
      "5": {
        "loc": { "start": { "line": 97, "column": 4 }, "end": { "line": 100, "column": 5 } },
        "type": "if",
        "locations": [
          { "start": { "line": 97, "column": 4 }, "end": { "line": 100, "column": 5 } },
          { "start": {}, "end": {} }
        ],
        "line": 97
      }
    },
    "s": {
      "0": 1,
      "1": 1,
      "2": 1,
      "3": 1,
      "4": 17,
      "5": 1,
      "6": 16,
      "7": 16,
      "8": 16,
      "9": 2,
      "10": 2,
      "11": 14,
      "12": 14,
      "13": 14,
      "14": 11,
      "15": 11,
      "16": 3,
      "17": 3,
      "18": 3,
      "19": 1,
      "20": 5,
      "21": 12,
      "22": 5,
      "23": 6,
      "24": 5,
      "25": 6,
      "26": 5,
      "27": 2,
      "28": 1,
      "29": 15,
      "30": 15,
      "31": 15,
      "32": 1,
      "33": 2,
      "34": 1,
      "35": 1,
      "36": 1,
      "37": 1,
      "38": 1,
      "39": 1,
      "40": 0,
      "41": 0,
      "42": 0,
      "43": 1
    },
    "f": { "0": 17, "1": 5, "2": 12, "3": 6, "4": 6, "5": 15, "6": 2, "7": 1, "8": 1 },
    "b": { "0": [1, 16], "1": [2, 14], "2": [16, 2], "3": [3, 0], "4": [2, 3], "5": [0, 0] },
    "_coverageSchema": "1a1c01bbd47fc00a2c39e90264f33305004495a9",
    "hash": "67b2a06b4fd2532051d33cb07cb12822c1d0a1b4"
  },
  "/Users/kai/Programming/Buhba/services/locationService.ts": {
    "path": "/Users/kai/Programming/Buhba/services/locationService.ts",
    "statementMap": {
      "0": { "start": { "line": 11, "column": 41 }, "end": { "line": 14, "column": 1 } },
      "1": { "start": { "line": 12, "column": 21 }, "end": { "line": 12, "column": 71 } },
      "2": { "start": { "line": 13, "column": 2 }, "end": { "line": 13, "column": 30 } },
      "3": { "start": { "line": 19, "column": 34 }, "end": { "line": 43, "column": 1 } },
      "4": { "start": { "line": 20, "column": 2 }, "end": { "line": 42, "column": 3 } },
      "5": { "start": { "line": 21, "column": 26 }, "end": { "line": 21, "column": 59 } },
      "6": { "start": { "line": 22, "column": 4 }, "end": { "line": 27, "column": 5 } },
      "7": { "start": { "line": 23, "column": 6 }, "end": { "line": 25, "column": 7 } },
      "8": { "start": { "line": 24, "column": 8 }, "end": { "line": 24, "column": 56 } },
      "9": { "start": { "line": 26, "column": 6 }, "end": { "line": 26, "column": 18 } },
      "10": { "start": { "line": 29, "column": 21 }, "end": { "line": 31, "column": 6 } },
      "11": { "start": { "line": 33, "column": 4 }, "end": { "line": 36, "column": 6 } },
      "12": { "start": { "line": 38, "column": 4 }, "end": { "line": 40, "column": 5 } },
      "13": { "start": { "line": 39, "column": 6 }, "end": { "line": 39, "column": 54 } },
      "14": { "start": { "line": 41, "column": 4 }, "end": { "line": 41, "column": 16 } },
      "15": { "start": { "line": 48, "column": 36 }, "end": { "line": 70, "column": 1 } },
      "16": { "start": { "line": 49, "column": 2 }, "end": { "line": 69, "column": 3 } },
      "17": { "start": { "line": 50, "column": 26 }, "end": { "line": 50, "column": 59 } },
      "18": { "start": { "line": 51, "column": 4 }, "end": { "line": 53, "column": 5 } },
      "19": { "start": { "line": 52, "column": 6 }, "end": { "line": 52, "column": 18 } },
      "20": { "start": { "line": 55, "column": 21 }, "end": { "line": 55, "column": 63 } },
      "21": { "start": { "line": 56, "column": 4 }, "end": { "line": 58, "column": 5 } },
      "22": { "start": { "line": 57, "column": 6 }, "end": { "line": 57, "column": 34 } },
      "23": { "start": { "line": 60, "column": 4 }, "end": { "line": 63, "column": 6 } },
      "24": { "start": { "line": 65, "column": 4 }, "end": { "line": 67, "column": 5 } },
      "25": { "start": { "line": 66, "column": 6 }, "end": { "line": 66, "column": 65 } },
      "26": { "start": { "line": 68, "column": 4 }, "end": { "line": 68, "column": 16 } }
    },
    "fnMap": {
      "0": {
        "name": "(anonymous_0)",
        "decl": { "start": { "line": 11, "column": 41 }, "end": { "line": 11, "column": 42 } },
        "loc": { "start": { "line": 11, "column": 71 }, "end": { "line": 14, "column": 1 } },
        "line": 11
      },
      "1": {
        "name": "(anonymous_1)",
        "decl": { "start": { "line": 19, "column": 34 }, "end": { "line": 19, "column": 35 } },
        "loc": { "start": { "line": 19, "column": 75 }, "end": { "line": 43, "column": 1 } },
        "line": 19
      },
      "2": {
        "name": "(anonymous_2)",
        "decl": { "start": { "line": 48, "column": 36 }, "end": { "line": 48, "column": 37 } },
        "loc": { "start": { "line": 48, "column": 77 }, "end": { "line": 70, "column": 1 } },
        "line": 48
      }
    },
    "branchMap": {
      "0": {
        "loc": { "start": { "line": 22, "column": 4 }, "end": { "line": 27, "column": 5 } },
        "type": "if",
        "locations": [
          { "start": { "line": 22, "column": 4 }, "end": { "line": 27, "column": 5 } },
          { "start": {}, "end": {} }
        ],
        "line": 22
      },
      "1": {
        "loc": { "start": { "line": 23, "column": 6 }, "end": { "line": 25, "column": 7 } },
        "type": "if",
        "locations": [
          { "start": { "line": 23, "column": 6 }, "end": { "line": 25, "column": 7 } },
          { "start": {}, "end": {} }
        ],
        "line": 23
      },
      "2": {
        "loc": { "start": { "line": 38, "column": 4 }, "end": { "line": 40, "column": 5 } },
        "type": "if",
        "locations": [
          { "start": { "line": 38, "column": 4 }, "end": { "line": 40, "column": 5 } },
          { "start": {}, "end": {} }
        ],
        "line": 38
      },
      "3": {
        "loc": { "start": { "line": 51, "column": 4 }, "end": { "line": 53, "column": 5 } },
        "type": "if",
        "locations": [
          { "start": { "line": 51, "column": 4 }, "end": { "line": 53, "column": 5 } },
          { "start": {}, "end": {} }
        ],
        "line": 51
      },
      "4": {
        "loc": { "start": { "line": 56, "column": 4 }, "end": { "line": 58, "column": 5 } },
        "type": "if",
        "locations": [
          { "start": { "line": 56, "column": 4 }, "end": { "line": 58, "column": 5 } },
          { "start": {}, "end": {} }
        ],
        "line": 56
      },
      "5": {
        "loc": { "start": { "line": 65, "column": 4 }, "end": { "line": 67, "column": 5 } },
        "type": "if",
        "locations": [
          { "start": { "line": 65, "column": 4 }, "end": { "line": 67, "column": 5 } },
          { "start": {}, "end": {} }
        ],
        "line": 65
      }
    },
    "s": {
      "0": 1,
      "1": 8,
      "2": 8,
      "3": 1,
      "4": 4,
      "5": 4,
      "6": 4,
      "7": 1,
      "8": 1,
      "9": 1,
      "10": 3,
      "11": 2,
      "12": 1,
      "13": 1,
      "14": 1,
      "15": 1,
      "16": 2,
      "17": 2,
      "18": 2,
      "19": 0,
      "20": 2,
      "21": 2,
      "22": 1,
      "23": 1,
      "24": 0,
      "25": 0,
      "26": 0
    },
    "f": { "0": 8, "1": 4, "2": 2 },
    "b": { "0": [1, 3], "1": [1, 0], "2": [1, 0], "3": [0, 2], "4": [1, 1], "5": [0, 0] },
    "_coverageSchema": "1a1c01bbd47fc00a2c39e90264f33305004495a9",
    "hash": "2a6e7c38dd33a4fd051e3fecdcbeb1fcb5d0bad2"
  },
  "/Users/kai/Programming/Buhba/services/placesService.ts": {
    "path": "/Users/kai/Programming/Buhba/services/placesService.ts",
    "statementMap": {
      "0": { "start": { "line": 19, "column": 24 }, "end": { "line": 19, "column": 58 } },
      "1": { "start": { "line": 24, "column": 32 }, "end": { "line": 96, "column": 1 } },
      "2": { "start": { "line": 28, "column": 2 }, "end": { "line": 30, "column": 3 } },
      "3": { "start": { "line": 29, "column": 4 }, "end": { "line": 29, "column": 14 } },
      "4": { "start": { "line": 32, "column": 17 }, "end": { "line": 32, "column": 40 } },
      "5": { "start": { "line": 33, "column": 2 }, "end": { "line": 38, "column": 3 } },
      "6": { "start": { "line": 34, "column": 4 }, "end": { "line": 36, "column": 5 } },
      "7": { "start": { "line": 35, "column": 6 }, "end": { "line": 35, "column": 59 } },
      "8": { "start": { "line": 37, "column": 4 }, "end": { "line": 37, "column": 14 } },
      "9": { "start": { "line": 41, "column": 2 }, "end": { "line": 43, "column": 3 } },
      "10": { "start": { "line": 42, "column": 4 }, "end": { "line": 42, "column": 66 } },
      "11": { "start": { "line": 45, "column": 2 }, "end": { "line": 95, "column": 3 } },
      "12": { "start": { "line": 46, "column": 49 }, "end": { "line": 49, "column": 5 } },
      "13": { "start": { "line": 52, "column": 4 }, "end": { "line": 62, "column": 5 } },
      "14": { "start": { "line": 53, "column": 6 }, "end": { "line": 61, "column": 8 } },
      "15": { "start": { "line": 64, "column": 21 }, "end": { "line": 72, "column": 6 } },
      "16": { "start": { "line": 74, "column": 17 }, "end": { "line": 74, "column": 38 } },
      "17": { "start": { "line": 76, "column": 4 }, "end": { "line": 82, "column": 5 } },
      "18": { "start": { "line": 78, "column": 6 }, "end": { "line": 80, "column": 7 } },
      "19": { "start": { "line": 79, "column": 8 }, "end": { "line": 79, "column": 82 } },
      "20": { "start": { "line": 81, "column": 6 }, "end": { "line": 81, "column": 16 } },
      "21": { "start": { "line": 84, "column": 4 }, "end": { "line": 89, "column": 8 } },
      "22": { "start": { "line": 84, "column": 72 }, "end": { "line": 89, "column": 5 } },
      "23": { "start": { "line": 91, "column": 4 }, "end": { "line": 93, "column": 5 } },
      "24": { "start": { "line": 92, "column": 6 }, "end": { "line": 92, "column": 54 } },
      "25": { "start": { "line": 94, "column": 4 }, "end": { "line": 94, "column": 14 } },
      "26": { "start": { "line": 101, "column": 31 }, "end": { "line": 138, "column": 1 } },
      "27": { "start": { "line": 102, "column": 17 }, "end": { "line": 102, "column": 40 } },
      "28": { "start": { "line": 103, "column": 2 }, "end": { "line": 105, "column": 3 } },
      "29": { "start": { "line": 104, "column": 4 }, "end": { "line": 104, "column": 16 } },
      "30": { "start": { "line": 107, "column": 2 }, "end": { "line": 137, "column": 3 } },
      "31": { "start": { "line": 108, "column": 21 }, "end": { "line": 114, "column": 6 } },
      "32": { "start": { "line": 116, "column": 17 }, "end": { "line": 116, "column": 38 } },
      "33": { "start": { "line": 118, "column": 4 }, "end": { "line": 123, "column": 5 } },
      "34": { "start": { "line": 119, "column": 6 }, "end": { "line": 121, "column": 7 } },
      "35": { "start": { "line": 120, "column": 8 }, "end": { "line": 120, "column": 66 } },
      "36": { "start": { "line": 122, "column": 6 }, "end": { "line": 122, "column": 18 } },
      "37": { "start": { "line": 125, "column": 4 }, "end": { "line": 131, "column": 6 } },
      "38": { "start": { "line": 133, "column": 4 }, "end": { "line": 135, "column": 5 } },
      "39": { "start": { "line": 134, "column": 6 }, "end": { "line": 134, "column": 59 } },
      "40": { "start": { "line": 136, "column": 4 }, "end": { "line": 136, "column": 16 } },
      "41": { "start": { "line": 143, "column": 38 }, "end": { "line": 195, "column": 1 } },
      "42": { "start": { "line": 144, "column": 17 }, "end": { "line": 144, "column": 40 } },
      "43": { "start": { "line": 145, "column": 2 }, "end": { "line": 147, "column": 3 } },
      "44": { "start": { "line": 146, "column": 4 }, "end": { "line": 146, "column": 14 } },
      "45": { "start": { "line": 149, "column": 2 }, "end": { "line": 194, "column": 3 } },
      "46": { "start": { "line": 150, "column": 24 }, "end": { "line": 162, "column": 5 } },
      "47": { "start": { "line": 164, "column": 21 }, "end": { "line": 172, "column": 6 } },
      "48": { "start": { "line": 174, "column": 17 }, "end": { "line": 174, "column": 38 } },
      "49": { "start": { "line": 176, "column": 4 }, "end": { "line": 181, "column": 5 } },
      "50": { "start": { "line": 177, "column": 6 }, "end": { "line": 179, "column": 7 } },
      "51": { "start": { "line": 178, "column": 8 }, "end": { "line": 178, "column": 66 } },
      "52": { "start": { "line": 180, "column": 6 }, "end": { "line": 180, "column": 16 } },
      "53": { "start": { "line": 183, "column": 4 }, "end": { "line": 188, "column": 8 } },
      "54": { "start": { "line": 183, "column": 72 }, "end": { "line": 188, "column": 5 } },
      "55": { "start": { "line": 190, "column": 4 }, "end": { "line": 192, "column": 5 } },
      "56": { "start": { "line": 191, "column": 6 }, "end": { "line": 191, "column": 61 } },
      "57": { "start": { "line": 193, "column": 4 }, "end": { "line": 193, "column": 14 } }
    },
    "fnMap": {
      "0": {
        "name": "(anonymous_0)",
        "decl": { "start": { "line": 24, "column": 32 }, "end": { "line": 24, "column": 33 } },
        "loc": { "start": { "line": 27, "column": 33 }, "end": { "line": 96, "column": 1 } },
        "line": 27
      },
      "1": {
        "name": "(anonymous_1)",
        "decl": { "start": { "line": 84, "column": 35 }, "end": { "line": 84, "column": 36 } },
        "loc": { "start": { "line": 84, "column": 72 }, "end": { "line": 89, "column": 5 } },
        "line": 84
      },
      "2": {
        "name": "(anonymous_2)",
        "decl": { "start": { "line": 101, "column": 31 }, "end": { "line": 101, "column": 32 } },
        "loc": { "start": { "line": 101, "column": 88 }, "end": { "line": 138, "column": 1 } },
        "line": 101
      },
      "3": {
        "name": "(anonymous_3)",
        "decl": { "start": { "line": 143, "column": 38 }, "end": { "line": 143, "column": 39 } },
        "loc": { "start": { "line": 143, "column": 99 }, "end": { "line": 195, "column": 1 } },
        "line": 143
      },
      "4": {
        "name": "(anonymous_4)",
        "decl": { "start": { "line": 183, "column": 35 }, "end": { "line": 183, "column": 36 } },
        "loc": { "start": { "line": 183, "column": 72 }, "end": { "line": 188, "column": 5 } },
        "line": 183
      }
    },
    "branchMap": {
      "0": {
        "loc": { "start": { "line": 28, "column": 2 }, "end": { "line": 30, "column": 3 } },
        "type": "if",
        "locations": [
          { "start": { "line": 28, "column": 2 }, "end": { "line": 30, "column": 3 } },
          { "start": {}, "end": {} }
        ],
        "line": 28
      },
      "1": {
        "loc": { "start": { "line": 28, "column": 6 }, "end": { "line": 28, "column": 32 } },
        "type": "binary-expr",
        "locations": [
          { "start": { "line": 28, "column": 6 }, "end": { "line": 28, "column": 12 } },
          { "start": { "line": 28, "column": 16 }, "end": { "line": 28, "column": 32 } }
        ],
        "line": 28
      },
      "2": {
        "loc": { "start": { "line": 33, "column": 2 }, "end": { "line": 38, "column": 3 } },
        "type": "if",
        "locations": [
          { "start": { "line": 33, "column": 2 }, "end": { "line": 38, "column": 3 } },
          { "start": {}, "end": {} }
        ],
        "line": 33
      },
      "3": {
        "loc": { "start": { "line": 34, "column": 4 }, "end": { "line": 36, "column": 5 } },
        "type": "if",
        "locations": [
          { "start": { "line": 34, "column": 4 }, "end": { "line": 36, "column": 5 } },
          { "start": {}, "end": {} }
        ],
        "line": 34
      },
      "4": {
        "loc": { "start": { "line": 41, "column": 2 }, "end": { "line": 43, "column": 3 } },
        "type": "if",
        "locations": [
          { "start": { "line": 41, "column": 2 }, "end": { "line": 43, "column": 3 } },
          { "start": {}, "end": {} }
        ],
        "line": 41
      },
      "5": {
        "loc": { "start": { "line": 52, "column": 4 }, "end": { "line": 62, "column": 5 } },
        "type": "if",
        "locations": [
          { "start": { "line": 52, "column": 4 }, "end": { "line": 62, "column": 5 } },
          { "start": {}, "end": {} }
        ],
        "line": 52
      },
      "6": {
        "loc": { "start": { "line": 76, "column": 4 }, "end": { "line": 82, "column": 5 } },
        "type": "if",
        "locations": [
          { "start": { "line": 76, "column": 4 }, "end": { "line": 82, "column": 5 } },
          { "start": {}, "end": {} }
        ],
        "line": 76
      },
      "7": {
        "loc": { "start": { "line": 78, "column": 6 }, "end": { "line": 80, "column": 7 } },
        "type": "if",
        "locations": [
          { "start": { "line": 78, "column": 6 }, "end": { "line": 80, "column": 7 } },
          { "start": {}, "end": {} }
        ],
        "line": 78
      },
      "8": {
        "loc": { "start": { "line": 84, "column": 12 }, "end": { "line": 84, "column": 29 } },
        "type": "binary-expr",
        "locations": [
          { "start": { "line": 84, "column": 12 }, "end": { "line": 84, "column": 23 } },
          { "start": { "line": 84, "column": 27 }, "end": { "line": 84, "column": 29 } }
        ],
        "line": 84
      },
      "9": {
        "loc": { "start": { "line": 85, "column": 15 }, "end": { "line": 85, "column": 41 } },
        "type": "binary-expr",
        "locations": [
          { "start": { "line": 85, "column": 16 }, "end": { "line": 85, "column": 34 } },
          { "start": { "line": 85, "column": 39 }, "end": { "line": 85, "column": 41 } }
        ],
        "line": 85
      },
      "10": {
        "loc": { "start": { "line": 86, "column": 12 }, "end": { "line": 86, "column": 69 } },
        "type": "binary-expr",
        "locations": [
          { "start": { "line": 86, "column": 12 }, "end": { "line": 86, "column": 63 } },
          { "start": { "line": 86, "column": 67 }, "end": { "line": 86, "column": 69 } }
        ],
        "line": 86
      },
      "11": {
        "loc": { "start": { "line": 87, "column": 15 }, "end": { "line": 87, "column": 55 } },
        "type": "binary-expr",
        "locations": [
          { "start": { "line": 87, "column": 16 }, "end": { "line": 87, "column": 48 } },
          { "start": { "line": 87, "column": 53 }, "end": { "line": 87, "column": 55 } }
        ],
        "line": 87
      },
      "12": {
        "loc": { "start": { "line": 91, "column": 4 }, "end": { "line": 93, "column": 5 } },
        "type": "if",
        "locations": [
          { "start": { "line": 91, "column": 4 }, "end": { "line": 93, "column": 5 } },
          { "start": {}, "end": {} }
        ],
        "line": 91
      },
      "13": {
        "loc": { "start": { "line": 103, "column": 2 }, "end": { "line": 105, "column": 3 } },
        "type": "if",
        "locations": [
          { "start": { "line": 103, "column": 2 }, "end": { "line": 105, "column": 3 } },
          { "start": {}, "end": {} }
        ],
        "line": 103
      },
      "14": {
        "loc": { "start": { "line": 118, "column": 4 }, "end": { "line": 123, "column": 5 } },
        "type": "if",
        "locations": [
          { "start": { "line": 118, "column": 4 }, "end": { "line": 123, "column": 5 } },
          { "start": {}, "end": {} }
        ],
        "line": 118
      },
      "15": {
        "loc": { "start": { "line": 119, "column": 6 }, "end": { "line": 121, "column": 7 } },
        "type": "if",
        "locations": [
          { "start": { "line": 119, "column": 6 }, "end": { "line": 121, "column": 7 } },
          { "start": {}, "end": {} }
        ],
        "line": 119
      },
      "16": {
        "loc": { "start": { "line": 126, "column": 15 }, "end": { "line": 126, "column": 33 } },
        "type": "binary-expr",
        "locations": [
          { "start": { "line": 126, "column": 15 }, "end": { "line": 126, "column": 22 } },
          { "start": { "line": 126, "column": 26 }, "end": { "line": 126, "column": 33 } }
        ],
        "line": 126
      },
      "17": {
        "loc": { "start": { "line": 127, "column": 12 }, "end": { "line": 127, "column": 40 } },
        "type": "binary-expr",
        "locations": [
          { "start": { "line": 127, "column": 12 }, "end": { "line": 127, "column": 34 } },
          { "start": { "line": 127, "column": 38 }, "end": { "line": 127, "column": 40 } }
        ],
        "line": 127
      },
      "18": {
        "loc": { "start": { "line": 128, "column": 15 }, "end": { "line": 128, "column": 42 } },
        "type": "binary-expr",
        "locations": [
          { "start": { "line": 128, "column": 15 }, "end": { "line": 128, "column": 36 } },
          { "start": { "line": 128, "column": 40 }, "end": { "line": 128, "column": 42 } }
        ],
        "line": 128
      },
      "19": {
        "loc": { "start": { "line": 129, "column": 16 }, "end": { "line": 129, "column": 44 } },
        "type": "binary-expr",
        "locations": [
          { "start": { "line": 129, "column": 16 }, "end": { "line": 129, "column": 39 } },
          { "start": { "line": 129, "column": 43 }, "end": { "line": 129, "column": 44 } }
        ],
        "line": 129
      },
      "20": {
        "loc": { "start": { "line": 130, "column": 17 }, "end": { "line": 130, "column": 46 } },
        "type": "binary-expr",
        "locations": [
          { "start": { "line": 130, "column": 17 }, "end": { "line": 130, "column": 41 } },
          { "start": { "line": 130, "column": 45 }, "end": { "line": 130, "column": 46 } }
        ],
        "line": 130
      },
      "21": {
        "loc": { "start": { "line": 133, "column": 4 }, "end": { "line": 135, "column": 5 } },
        "type": "if",
        "locations": [
          { "start": { "line": 133, "column": 4 }, "end": { "line": 135, "column": 5 } },
          { "start": {}, "end": {} }
        ],
        "line": 133
      },
      "22": {
        "loc": { "start": { "line": 145, "column": 2 }, "end": { "line": 147, "column": 3 } },
        "type": "if",
        "locations": [
          { "start": { "line": 145, "column": 2 }, "end": { "line": 147, "column": 3 } },
          { "start": {}, "end": {} }
        ],
        "line": 145
      },
      "23": {
        "loc": { "start": { "line": 176, "column": 4 }, "end": { "line": 181, "column": 5 } },
        "type": "if",
        "locations": [
          { "start": { "line": 176, "column": 4 }, "end": { "line": 181, "column": 5 } },
          { "start": {}, "end": {} }
        ],
        "line": 176
      },
      "24": {
        "loc": { "start": { "line": 177, "column": 6 }, "end": { "line": 179, "column": 7 } },
        "type": "if",
        "locations": [
          { "start": { "line": 177, "column": 6 }, "end": { "line": 179, "column": 7 } },
          { "start": {}, "end": {} }
        ],
        "line": 177
      },
      "25": {
        "loc": { "start": { "line": 183, "column": 12 }, "end": { "line": 183, "column": 29 } },
        "type": "binary-expr",
        "locations": [
          { "start": { "line": 183, "column": 12 }, "end": { "line": 183, "column": 23 } },
          { "start": { "line": 183, "column": 27 }, "end": { "line": 183, "column": 29 } }
        ],
        "line": 183
      },
      "26": {
        "loc": { "start": { "line": 184, "column": 15 }, "end": { "line": 184, "column": 41 } },
        "type": "binary-expr",
        "locations": [
          { "start": { "line": 184, "column": 16 }, "end": { "line": 184, "column": 34 } },
          { "start": { "line": 184, "column": 39 }, "end": { "line": 184, "column": 41 } }
        ],
        "line": 184
      },
      "27": {
        "loc": { "start": { "line": 185, "column": 12 }, "end": { "line": 185, "column": 69 } },
        "type": "binary-expr",
        "locations": [
          { "start": { "line": 185, "column": 12 }, "end": { "line": 185, "column": 63 } },
          { "start": { "line": 185, "column": 67 }, "end": { "line": 185, "column": 69 } }
        ],
        "line": 185
      },
      "28": {
        "loc": { "start": { "line": 186, "column": 15 }, "end": { "line": 186, "column": 55 } },
        "type": "binary-expr",
        "locations": [
          { "start": { "line": 186, "column": 16 }, "end": { "line": 186, "column": 48 } },
          { "start": { "line": 186, "column": 53 }, "end": { "line": 186, "column": 55 } }
        ],
        "line": 186
      },
      "29": {
        "loc": { "start": { "line": 190, "column": 4 }, "end": { "line": 192, "column": 5 } },
        "type": "if",
        "locations": [
          { "start": { "line": 190, "column": 4 }, "end": { "line": 192, "column": 5 } },
          { "start": {}, "end": {} }
        ],
        "line": 190
      }
    },
    "s": {
      "0": 1,
      "1": 1,
      "2": 7,
      "3": 2,
      "4": 5,
      "5": 5,
      "6": 1,
      "7": 1,
      "8": 1,
      "9": 4,
      "10": 4,
      "11": 4,
      "12": 4,
      "13": 4,
      "14": 1,
      "15": 4,
      "16": 3,
      "17": 3,
      "18": 1,
      "19": 1,
      "20": 1,
      "21": 2,
      "22": 1,
      "23": 1,
      "24": 1,
      "25": 1,
      "26": 1,
      "27": 3,
      "28": 3,
      "29": 1,
      "30": 2,
      "31": 2,
      "32": 2,
      "33": 2,
      "34": 1,
      "35": 1,
      "36": 1,
      "37": 1,
      "38": 0,
      "39": 0,
      "40": 0,
      "41": 1,
      "42": 4,
      "43": 4,
      "44": 1,
      "45": 3,
      "46": 3,
      "47": 3,
      "48": 3,
      "49": 3,
      "50": 1,
      "51": 1,
      "52": 1,
      "53": 2,
      "54": 2,
      "55": 0,
      "56": 0,
      "57": 0
    },
    "f": { "0": 7, "1": 1, "2": 3, "3": 4, "4": 2 },
    "b": {
      "0": [2, 5],
      "1": [7, 6],
      "2": [1, 4],
      "3": [1, 0],
      "4": [4, 0],
      "5": [1, 3],
      "6": [1, 2],
      "7": [1, 0],
      "8": [2, 0],
      "9": [1, 0],
      "10": [1, 0],
      "11": [1, 0],
      "12": [1, 0],
      "13": [1, 2],
      "14": [1, 1],
      "15": [1, 0],
      "16": [1, 0],
      "17": [1, 0],
      "18": [1, 0],
      "19": [1, 0],
      "20": [1, 0],
      "21": [0, 0],
      "22": [1, 3],
      "23": [1, 2],
      "24": [1, 0],
      "25": [2, 0],
      "26": [2, 0],
      "27": [2, 0],
      "28": [2, 0],
      "29": [0, 0]
    },
    "_coverageSchema": "1a1c01bbd47fc00a2c39e90264f33305004495a9",
    "hash": "90c6bc9c2ade5ec1389d8c4d38676e5c6eb76718"
  },
  "/Users/kai/Programming/Buhba/services/rankingsService.ts": {
    "path": "/Users/kai/Programming/Buhba/services/rankingsService.ts",
    "statementMap": {
      "0": { "start": { "line": 3, "column": 22 }, "end": { "line": 3, "column": 50 } },
      "1": { "start": { "line": 20, "column": 33 }, "end": { "line": 44, "column": 1 } },
      "2": { "start": { "line": 21, "column": 2 }, "end": { "line": 43, "column": 3 } },
      "3": { "start": { "line": 22, "column": 19 }, "end": { "line": 24, "column": 13 } },
      "4": { "start": { "line": 26, "column": 17 }, "end": { "line": 26, "column": 41 } },
      "5": { "start": { "line": 27, "column": 4 }, "end": { "line": 27, "column": 46 } },
      "6": { "start": { "line": 30, "column": 4 }, "end": { "line": 35, "column": 5 } },
      "7": { "start": { "line": 31, "column": 6 }, "end": { "line": 34, "column": 8 } },
      "8": { "start": { "line": 36, "column": 4 }, "end": { "line": 38, "column": 5 } },
      "9": { "start": { "line": 37, "column": 6 }, "end": { "line": 37, "column": 55 } },
      "10": { "start": { "line": 39, "column": 4 }, "end": { "line": 42, "column": 6 } },
      "11": { "start": { "line": 49, "column": 32 }, "end": { "line": 101, "column": 1 } },
      "12": { "start": { "line": 53, "column": 2 }, "end": { "line": 100, "column": 3 } },
      "13": { "start": { "line": 55, "column": 21 }, "end": { "line": 55, "column": 46 } },
      "14": { "start": { "line": 58, "column": 27 }, "end": { "line": 58, "column": 57 } },
      "15": { "start": { "line": 61, "column": 26 }, "end": { "line": 63, "column": 5 } },
      "16": { "start": { "line": 62, "column": 13 }, "end": { "line": 62, "column": 57 } },
      "17": { "start": { "line": 65, "column": 4 }, "end": { "line": 80, "column": 5 } },
      "18": { "start": { "line": 67, "column": 6 }, "end": { "line": 67, "column": 53 } },
      "19": { "start": { "line": 68, "column": 6 }, "end": { "line": 68, "column": 76 } },
      "20": { "start": { "line": 69, "column": 6 }, "end": { "line": 71, "column": 7 } },
      "21": { "start": { "line": 70, "column": 8 }, "end": { "line": 70, "column": 57 } },
      "22": { "start": { "line": 74, "column": 6 }, "end": { "line": 79, "column": 9 } },
      "23": { "start": { "line": 83, "column": 4 }, "end": { "line": 83, "column": 64 } },
      "24": { "start": { "line": 83, "column": 35 }, "end": { "line": 83, "column": 62 } },
      "25": { "start": { "line": 86, "column": 4 }, "end": { "line": 86, "column": 52 } },
      "26": { "start": { "line": 89, "column": 4 }, "end": { "line": 89, "column": 52 } },
      "27": { "start": { "line": 92, "column": 4 }, "end": { "line": 92, "column": 33 } },
      "28": { "start": { "line": 94, "column": 4 }, "end": { "line": 94, "column": 20 } },
      "29": { "start": { "line": 96, "column": 4 }, "end": { "line": 98, "column": 5 } },
      "30": { "start": { "line": 97, "column": 6 }, "end": { "line": 97, "column": 59 } },
      "31": { "start": { "line": 99, "column": 4 }, "end": { "line": 99, "column": 16 } },
      "32": { "start": { "line": 106, "column": 21 }, "end": { "line": 116, "column": 1 } },
      "33": { "start": { "line": 107, "column": 19 }, "end": { "line": 107, "column": 52 } },
      "34": { "start": { "line": 109, "column": 2 }, "end": { "line": 115, "column": 12 } },
      "35": { "start": { "line": 121, "column": 28 }, "end": { "line": 124, "column": 1 } },
      "36": { "start": { "line": 122, "column": 19 }, "end": { "line": 122, "column": 44 } },
      "37": { "start": { "line": 123, "column": 2 }, "end": { "line": 123, "column": 41 } },
      "38": { "start": { "line": 129, "column": 28 }, "end": { "line": 136, "column": 1 } },
      "39": { "start": { "line": 130, "column": 19 }, "end": { "line": 130, "column": 44 } },
      "40": { "start": { "line": 131, "column": 25 }, "end": { "line": 131, "column": 55 } },
      "41": { "start": { "line": 133, "column": 16 }, "end": { "line": 133, "column": 94 } },
      "42": { "start": { "line": 133, "column": 49 }, "end": { "line": 133, "column": 93 } },
      "43": { "start": { "line": 135, "column": 2 }, "end": { "line": 135, "column": 39 } }
    },
    "fnMap": {
      "0": {
        "name": "(anonymous_0)",
        "decl": { "start": { "line": 20, "column": 33 }, "end": { "line": 20, "column": 34 } },
        "loc": { "start": { "line": 20, "column": 70 }, "end": { "line": 44, "column": 1 } },
        "line": 20
      },
      "1": {
        "name": "(anonymous_1)",
        "decl": { "start": { "line": 49, "column": 32 }, "end": { "line": 49, "column": 33 } },
        "loc": { "start": { "line": 52, "column": 30 }, "end": { "line": 101, "column": 1 } },
        "line": 52
      },
      "2": {
        "name": "(anonymous_2)",
        "decl": { "start": { "line": 62, "column": 6 }, "end": { "line": 62, "column": 7 } },
        "loc": { "start": { "line": 62, "column": 13 }, "end": { "line": 62, "column": 57 } },
        "line": 62
      },
      "3": {
        "name": "(anonymous_3)",
        "decl": { "start": { "line": 83, "column": 25 }, "end": { "line": 83, "column": 26 } },
        "loc": { "start": { "line": 83, "column": 35 }, "end": { "line": 83, "column": 62 } },
        "line": 83
      },
      "4": {
        "name": "(anonymous_4)",
        "decl": { "start": { "line": 106, "column": 21 }, "end": { "line": 106, "column": 22 } },
        "loc": { "start": { "line": 106, "column": 72 }, "end": { "line": 116, "column": 1 } },
        "line": 106
      },
      "5": {
        "name": "(anonymous_5)",
        "decl": { "start": { "line": 121, "column": 28 }, "end": { "line": 121, "column": 29 } },
        "loc": { "start": { "line": 121, "column": 80 }, "end": { "line": 124, "column": 1 } },
        "line": 121
      },
      "6": {
        "name": "(anonymous_6)",
        "decl": { "start": { "line": 129, "column": 28 }, "end": { "line": 129, "column": 29 } },
        "loc": { "start": { "line": 129, "column": 81 }, "end": { "line": 136, "column": 1 } },
        "line": 129
      },
      "7": {
        "name": "(anonymous_7)",
        "decl": { "start": { "line": 133, "column": 42 }, "end": { "line": 133, "column": 43 } },
        "loc": { "start": { "line": 133, "column": 49 }, "end": { "line": 133, "column": 93 } },
        "line": 133
      }
    },
    "branchMap": {
      "0": {
        "loc": { "start": { "line": 30, "column": 4 }, "end": { "line": 35, "column": 5 } },
        "type": "if",
        "locations": [
          { "start": { "line": 30, "column": 4 }, "end": { "line": 35, "column": 5 } },
          { "start": {}, "end": {} }
        ],
        "line": 30
      },
      "1": {
        "loc": { "start": { "line": 30, "column": 8 }, "end": { "line": 30, "column": 75 } },
        "type": "binary-expr",
        "locations": [
          { "start": { "line": 30, "column": 8 }, "end": { "line": 30, "column": 34 } },
          { "start": { "line": 30, "column": 38 }, "end": { "line": 30, "column": 75 } }
        ],
        "line": 30
      },
      "2": {
        "loc": { "start": { "line": 36, "column": 4 }, "end": { "line": 38, "column": 5 } },
        "type": "if",
        "locations": [
          { "start": { "line": 36, "column": 4 }, "end": { "line": 38, "column": 5 } },
          { "start": {}, "end": {} }
        ],
        "line": 36
      },
      "3": {
        "loc": { "start": { "line": 65, "column": 4 }, "end": { "line": 80, "column": 5 } },
        "type": "if",
        "locations": [
          { "start": { "line": 65, "column": 4 }, "end": { "line": 80, "column": 5 } },
          { "start": { "line": 72, "column": 11 }, "end": { "line": 80, "column": 5 } }
        ],
        "line": 65
      },
      "4": {
        "loc": { "start": { "line": 69, "column": 6 }, "end": { "line": 71, "column": 7 } },
        "type": "if",
        "locations": [
          { "start": { "line": 69, "column": 6 }, "end": { "line": 71, "column": 7 } },
          { "start": {}, "end": {} }
        ],
        "line": 69
      },
      "5": {
        "loc": { "start": { "line": 69, "column": 10 }, "end": { "line": 69, "column": 60 } },
        "type": "binary-expr",
        "locations": [
          { "start": { "line": 69, "column": 10 }, "end": { "line": 69, "column": 17 } },
          { "start": { "line": 69, "column": 21 }, "end": { "line": 69, "column": 60 } }
        ],
        "line": 69
      },
      "6": {
        "loc": { "start": { "line": 96, "column": 4 }, "end": { "line": 98, "column": 5 } },
        "type": "if",
        "locations": [
          { "start": { "line": 96, "column": 4 }, "end": { "line": 98, "column": 5 } },
          { "start": {}, "end": {} }
        ],
        "line": 96
      },
      "7": {
        "loc": { "start": { "line": 121, "column": 35 }, "end": { "line": 121, "column": 52 } },
        "type": "default-arg",
        "locations": [
          { "start": { "line": 121, "column": 51 }, "end": { "line": 121, "column": 52 } }
        ],
        "line": 121
      },
      "8": {
        "loc": { "start": { "line": 135, "column": 9 }, "end": { "line": 135, "column": 38 } },
        "type": "cond-expr",
        "locations": [
          { "start": { "line": 135, "column": 22 }, "end": { "line": 135, "column": 31 } },
          { "start": { "line": 135, "column": 34 }, "end": { "line": 135, "column": 38 } }
        ],
        "line": 135
      }
    },
    "s": {
      "0": 1,
      "1": 1,
      "2": 19,
      "3": 19,
      "4": 17,
      "5": 17,
      "6": 2,
      "7": 1,
      "8": 1,
      "9": 1,
      "10": 1,
      "11": 1,
      "12": 8,
      "13": 8,
      "14": 8,
      "15": 8,
      "16": 113,
      "17": 8,
      "18": 4,
      "19": 4,
      "20": 4,
      "21": 0,
      "22": 4,
      "23": 8,
      "24": 115,
      "25": 8,
      "26": 8,
      "27": 8,
      "28": 7,
      "29": 1,
      "30": 1,
      "31": 1,
      "32": 1,
      "33": 8,
      "34": 8,
      "35": 1,
      "36": 3,
      "37": 3,
      "38": 1,
      "39": 5,
      "40": 5,
      "41": 5,
      "42": 8,
      "43": 5
    },
    "f": { "0": 19, "1": 8, "2": 113, "3": 115, "4": 8, "5": 3, "6": 5, "7": 8 },
    "b": {
      "0": [1, 1],
      "1": [2, 1],
      "2": [1, 0],
      "3": [4, 4],
      "4": [0, 4],
      "5": [4, 0],
      "6": [1, 0],
      "7": [2],
      "8": [4, 1]
    },
    "_coverageSchema": "1a1c01bbd47fc00a2c39e90264f33305004495a9",
    "hash": "cf2ef50569a6da3b7ec8bacf079228834b5efdaf"
  },
  "/Users/kai/Programming/Buhba/services/storageService.ts": {
    "path": "/Users/kai/Programming/Buhba/services/storageService.ts",
    "statementMap": {
      "0": { "start": { "line": 12, "column": 29 }, "end": { "line": 18, "column": 1 } },
      "1": { "start": { "line": 13, "column": 18 }, "end": { "line": 13, "column": 42 } },
      "2": { "start": { "line": 14, "column": 2 }, "end": { "line": 16, "column": 3 } },
      "3": { "start": { "line": 15, "column": 4 }, "end": { "line": 15, "column": 55 } },
      "4": { "start": { "line": 17, "column": 2 }, "end": { "line": 17, "column": 28 } },
      "5": { "start": { "line": 23, "column": 27 }, "end": { "line": 48, "column": 1 } },
      "6": { "start": { "line": 24, "column": 21 }, "end": { "line": 24, "column": 42 } },
      "7": { "start": { "line": 25, "column": 16 }, "end": { "line": 25, "column": 50 } },
      "8": { "start": { "line": 27, "column": 19 }, "end": { "line": 27, "column": 35 } },
      "9": { "start": { "line": 28, "column": 2 }, "end": { "line": 30, "column": 3 } },
      "10": { "start": { "line": 29, "column": 4 }, "end": { "line": 29, "column": 56 } },
      "11": { "start": { "line": 31, "column": 15 }, "end": { "line": 31, "column": 36 } },
      "12": { "start": { "line": 33, "column": 26 }, "end": { "line": 39, "column": 4 } },
      "13": { "start": { "line": 41, "column": 2 }, "end": { "line": 41, "column": 31 } },
      "14": { "start": { "line": 43, "column": 20 }, "end": { "line": 45, "column": 4 } },
      "15": { "start": { "line": 47, "column": 2 }, "end": { "line": 47, "column": 50 } },
      "16": { "start": { "line": 53, "column": 27 }, "end": { "line": 62, "column": 1 } },
      "17": { "start": { "line": 54, "column": 21 }, "end": { "line": 54, "column": 42 } },
      "18": { "start": { "line": 56, "column": 17 }, "end": { "line": 59, "column": 4 } },
      "19": { "start": { "line": 61, "column": 2 }, "end": { "line": 61, "column": 31 } },
      "20": { "start": { "line": 67, "column": 27 }, "end": { "line": 73, "column": 1 } },
      "21": { "start": { "line": 68, "column": 21 }, "end": { "line": 68, "column": 42 } },
      "22": { "start": { "line": 70, "column": 2 }, "end": { "line": 72, "column": 5 } }
    },
    "fnMap": {
      "0": {
        "name": "(anonymous_0)",
        "decl": { "start": { "line": 12, "column": 29 }, "end": { "line": 12, "column": 30 } },
        "loc": { "start": { "line": 12, "column": 58 }, "end": { "line": 18, "column": 1 } },
        "line": 12
      },
      "1": {
        "name": "(anonymous_1)",
        "decl": { "start": { "line": 23, "column": 27 }, "end": { "line": 23, "column": 28 } },
        "loc": { "start": { "line": 23, "column": 91 }, "end": { "line": 48, "column": 1 } },
        "line": 23
      },
      "2": {
        "name": "(anonymous_2)",
        "decl": { "start": { "line": 53, "column": 27 }, "end": { "line": 53, "column": 28 } },
        "loc": { "start": { "line": 53, "column": 69 }, "end": { "line": 62, "column": 1 } },
        "line": 53
      },
      "3": {
        "name": "(anonymous_3)",
        "decl": { "start": { "line": 67, "column": 27 }, "end": { "line": 67, "column": 28 } },
        "loc": { "start": { "line": 67, "column": 67 }, "end": { "line": 73, "column": 1 } },
        "line": 67
      }
    },
    "branchMap": {
      "0": {
        "loc": { "start": { "line": 14, "column": 2 }, "end": { "line": 16, "column": 3 } },
        "type": "if",
        "locations": [
          { "start": { "line": 14, "column": 2 }, "end": { "line": 16, "column": 3 } },
          { "start": {}, "end": {} }
        ],
        "line": 14
      },
      "1": {
        "loc": { "start": { "line": 28, "column": 2 }, "end": { "line": 30, "column": 3 } },
        "type": "if",
        "locations": [
          { "start": { "line": 28, "column": 2 }, "end": { "line": 30, "column": 3 } },
          { "start": {}, "end": {} }
        ],
        "line": 28
      }
    },
    "s": {
      "0": 1,
      "1": 6,
      "2": 6,
      "3": 1,
      "4": 5,
      "5": 1,
      "6": 2,
      "7": 2,
      "8": 2,
      "9": 2,
      "10": 1,
      "11": 1,
      "12": 1,
      "13": 1,
      "14": 1,
      "15": 1,
      "16": 1,
      "17": 1,
      "18": 1,
      "19": 1,
      "20": 1,
      "21": 1,
      "22": 1
    },
    "f": { "0": 6, "1": 2, "2": 1, "3": 1 },
    "b": { "0": [1, 5], "1": [1, 1] },
    "_coverageSchema": "1a1c01bbd47fc00a2c39e90264f33305004495a9",
    "hash": "c9296f4e2eed4c4a115c8b2bf98f473a74c5a3d5"
  },
  "/Users/kai/Programming/Buhba/services/syncService.ts": {
    "path": "/Users/kai/Programming/Buhba/services/syncService.ts",
    "statementMap": {
      "0": { "start": { "line": 7, "column": 20 }, "end": { "line": 7, "column": 40 } },
      "1": { "start": { "line": 12, "column": 18 }, "end": { "line": 18, "column": 1 } },
      "2": { "start": { "line": 13, "column": 18 }, "end": { "line": 13, "column": 42 } },
      "3": { "start": { "line": 14, "column": 2 }, "end": { "line": 16, "column": 3 } },
      "4": { "start": { "line": 15, "column": 4 }, "end": { "line": 15, "column": 44 } },
      "5": { "start": { "line": 17, "column": 2 }, "end": { "line": 17, "column": 28 } },
      "6": { "start": { "line": 23, "column": 20 }, "end": { "line": 34, "column": 2 } },
      "7": { "start": { "line": 23, "column": 50 }, "end": { "line": 34, "column": 1 } },
      "8": { "start": { "line": 39, "column": 27 }, "end": { "line": 64, "column": 1 } },
      "9": { "start": { "line": 40, "column": 17 }, "end": { "line": 40, "column": 34 } },
      "10": { "start": { "line": 42, "column": 17 }, "end": { "line": 42, "column": 80 } },
      "11": { "start": { "line": 43, "column": 21 }, "end": { "line": 43, "column": 62 } },
      "12": { "start": { "line": 43, "column": 42 }, "end": { "line": 43, "column": 61 } },
      "13": { "start": { "line": 44, "column": 15 }, "end": { "line": 44, "column": 42 } },
      "14": { "start": { "line": 46, "column": 26 }, "end": { "line": 52, "column": 4 } },
      "15": { "start": { "line": 54, "column": 2 }, "end": { "line": 54, "column": 31 } },
      "16": { "start": { "line": 57, "column": 2 }, "end": { "line": 63, "column": 5 } },
      "17": { "start": { "line": 58, "column": 4 }, "end": { "line": 62, "column": 5 } },
      "18": { "start": { "line": 59, "column": 6 }, "end": { "line": 61, "column": 9 } },
      "19": { "start": { "line": 60, "column": 8 }, "end": { "line": 60, "column": 24 } },
      "20": { "start": { "line": 69, "column": 29 }, "end": { "line": 109, "column": 1 } },
      "21": { "start": { "line": 70, "column": 17 }, "end": { "line": 70, "column": 34 } },
      "22": { "start": { "line": 72, "column": 2 }, "end": { "line": 108, "column": 3 } },
      "23": { "start": { "line": 73, "column": 30 }, "end": { "line": 75, "column": 6 } },
      "24": { "start": { "line": 77, "column": 21 }, "end": { "line": 77, "column": 51 } },
      "25": { "start": { "line": 78, "column": 17 }, "end": { "line": 78, "column": 34 } },
      "26": { "start": { "line": 79, "column": 37 }, "end": { "line": 79, "column": 53 } },
      "27": { "start": { "line": 81, "column": 24 }, "end": { "line": 81, "column": 87 } },
      "28": { "start": { "line": 82, "column": 26 }, "end": { "line": 82, "column": 63 } },
      "29": { "start": { "line": 82, "column": 57 }, "end": { "line": 82, "column": 61 } },
      "30": { "start": { "line": 84, "column": 4 }, "end": { "line": 102, "column": 7 } },
      "31": { "start": { "line": 85, "column": 6 }, "end": { "line": 101, "column": 7 } },
      "32": { "start": { "line": 86, "column": 8 }, "end": { "line": 100, "column": 9 } },
      "33": { "start": { "line": 87, "column": 10 }, "end": { "line": 99, "column": 13 } },
      "34": { "start": { "line": 88, "column": 12 }, "end": { "line": 88, "column": 42 } },
      "35": { "start": { "line": 89, "column": 12 }, "end": { "line": 89, "column": 45 } },
      "36": { "start": { "line": 90, "column": 12 }, "end": { "line": 90, "column": 43 } },
      "37": { "start": { "line": 91, "column": 12 }, "end": { "line": 91, "column": 43 } },
      "38": { "start": { "line": 92, "column": 12 }, "end": { "line": 92, "column": 49 } },
      "39": { "start": { "line": 93, "column": 12 }, "end": { "line": 93, "column": 45 } },
      "40": { "start": { "line": 94, "column": 12 }, "end": { "line": 94, "column": 41 } },
      "41": { "start": { "line": 95, "column": 12 }, "end": { "line": 95, "column": 43 } },
      "42": { "start": { "line": 96, "column": 12 }, "end": { "line": 96, "column": 34 } },
      "43": { "start": { "line": 97, "column": 12 }, "end": { "line": 97, "column": 32 } },
      "44": { "start": { "line": 98, "column": 12 }, "end": { "line": 98, "column": 67 } },
      "45": { "start": { "line": 105, "column": 4 }, "end": { "line": 107, "column": 5 } },
      "46": { "start": { "line": 106, "column": 6 }, "end": { "line": 106, "column": 62 } }
    },
    "fnMap": {
      "0": {
        "name": "(anonymous_0)",
        "decl": { "start": { "line": 12, "column": 18 }, "end": { "line": 12, "column": 19 } },
        "loc": { "start": { "line": 12, "column": 47 }, "end": { "line": 18, "column": 1 } },
        "line": 12
      },
      "1": {
        "name": "(anonymous_1)",
        "decl": { "start": { "line": 23, "column": 20 }, "end": { "line": 23, "column": 21 } },
        "loc": { "start": { "line": 23, "column": 50 }, "end": { "line": 34, "column": 1 } },
        "line": 23
      },
      "2": {
        "name": "(anonymous_2)",
        "decl": { "start": { "line": 39, "column": 27 }, "end": { "line": 39, "column": 28 } },
        "loc": { "start": { "line": 39, "column": 54 }, "end": { "line": 64, "column": 1 } },
        "line": 39
      },
      "3": {
        "name": "(anonymous_3)",
        "decl": { "start": { "line": 43, "column": 35 }, "end": { "line": 43, "column": 36 } },
        "loc": { "start": { "line": 43, "column": 42 }, "end": { "line": 43, "column": 61 } },
        "line": 43
      },
      "4": {
        "name": "(anonymous_4)",
        "decl": { "start": { "line": 57, "column": 23 }, "end": { "line": 57, "column": 24 } },
        "loc": { "start": { "line": 57, "column": 35 }, "end": { "line": 63, "column": 3 } },
        "line": 57
      },
      "5": {
        "name": "(anonymous_5)",
        "decl": { "start": { "line": 59, "column": 25 }, "end": { "line": 59, "column": 26 } },
        "loc": { "start": { "line": 59, "column": 32 }, "end": { "line": 61, "column": 7 } },
        "line": 59
      },
      "6": {
        "name": "(anonymous_6)",
        "decl": { "start": { "line": 69, "column": 29 }, "end": { "line": 69, "column": 30 } },
        "loc": { "start": { "line": 69, "column": 56 }, "end": { "line": 109, "column": 1 } },
        "line": 69
      },
      "7": {
        "name": "(anonymous_7)",
        "decl": { "start": { "line": 82, "column": 50 }, "end": { "line": 82, "column": 51 } },
        "loc": { "start": { "line": 82, "column": 57 }, "end": { "line": 82, "column": 61 } },
        "line": 82
      },
      "8": {
        "name": "(anonymous_8)",
        "decl": { "start": { "line": 84, "column": 25 }, "end": { "line": 84, "column": 26 } },
        "loc": { "start": { "line": 84, "column": 37 }, "end": { "line": 102, "column": 5 } },
        "line": 84
      },
      "9": {
        "name": "(anonymous_9)",
        "decl": { "start": { "line": 87, "column": 65 }, "end": { "line": 87, "column": 66 } },
        "loc": { "start": { "line": 87, "column": 76 }, "end": { "line": 99, "column": 11 } },
        "line": 87
      }
    },
    "branchMap": {
      "0": {
        "loc": { "start": { "line": 14, "column": 2 }, "end": { "line": 16, "column": 3 } },
        "type": "if",
        "locations": [
          { "start": { "line": 14, "column": 2 }, "end": { "line": 16, "column": 3 } },
          { "start": {}, "end": {} }
        ],
        "line": 14
      },
      "1": {
        "loc": { "start": { "line": 33, "column": 16 }, "end": { "line": 33, "column": 59 } },
        "type": "binary-expr",
        "locations": [
          { "start": { "line": 33, "column": 16 }, "end": { "line": 33, "column": 45 } },
          { "start": { "line": 33, "column": 49 }, "end": { "line": 33, "column": 59 } }
        ],
        "line": 33
      },
      "2": {
        "loc": { "start": { "line": 86, "column": 8 }, "end": { "line": 100, "column": 9 } },
        "type": "if",
        "locations": [
          { "start": { "line": 86, "column": 8 }, "end": { "line": 100, "column": 9 } },
          { "start": {}, "end": {} }
        ],
        "line": 86
      },
      "3": {
        "loc": { "start": { "line": 105, "column": 4 }, "end": { "line": 107, "column": 5 } },
        "type": "if",
        "locations": [
          { "start": { "line": 105, "column": 4 }, "end": { "line": 107, "column": 5 } },
          { "start": {}, "end": {} }
        ],
        "line": 105
      }
    },
    "s": {
      "0": 1,
      "1": 1,
      "2": 5,
      "3": 5,
      "4": 1,
      "5": 4,
      "6": 1,
      "7": 1,
      "8": 1,
      "9": 2,
      "10": 1,
      "11": 1,
      "12": 1,
      "13": 1,
      "14": 1,
      "15": 1,
      "16": 1,
      "17": 1,
      "18": 1,
      "19": 1,
      "20": 1,
      "21": 3,
      "22": 3,
      "23": 3,
      "24": 3,
      "25": 2,
      "26": 2,
      "27": 2,
      "28": 2,
      "29": 1,
      "30": 2,
      "31": 2,
      "32": 2,
      "33": 1,
      "34": 0,
      "35": 0,
      "36": 0,
      "37": 0,
      "38": 0,
      "39": 0,
      "40": 0,
      "41": 0,
      "42": 0,
      "43": 0,
      "44": 0,
      "45": 1,
      "46": 1
    },
    "f": { "0": 5, "1": 1, "2": 2, "3": 1, "4": 1, "5": 1, "6": 3, "7": 1, "8": 2, "9": 0 },
    "b": { "0": [1, 4], "1": [1, 0], "2": [1, 1], "3": [1, 0] },
    "_coverageSchema": "1a1c01bbd47fc00a2c39e90264f33305004495a9",
    "hash": "4b63ca4a9e7d248c82e1dd1cf69a53c14aa7c4da"
  },
  "/Users/kai/Programming/Buhba/src/constants/ratings.ts": {
    "path": "/Users/kai/Programming/Buhba/src/constants/ratings.ts",
    "statementMap": {
      "0": { "start": { "line": 1, "column": 23 }, "end": { "line": 6, "column": 10 } },
      "1": { "start": { "line": 8, "column": 53 }, "end": { "line": 13, "column": 1 } }
    },
    "fnMap": {},
    "branchMap": {},
    "s": { "0": 2, "1": 2 },
    "f": {},
    "b": {},
    "_coverageSchema": "1a1c01bbd47fc00a2c39e90264f33305004495a9",
    "hash": "52692cbcbc1294c3aca645dc02c381df06f0e8d9"
  },
  "/Users/kai/Programming/Buhba/src/constants/theme.ts": {
    "path": "/Users/kai/Programming/Buhba/src/constants/theme.ts",
    "statementMap": {
      "0": { "start": { "line": 3, "column": 22 }, "end": { "line": 19, "column": 10 } },
      "1": { "start": { "line": 21, "column": 23 }, "end": { "line": 28, "column": 10 } },
      "2": { "start": { "line": 30, "column": 26 }, "end": { "line": 39, "column": 10 } },
      "3": { "start": { "line": 41, "column": 29 }, "end": { "line": 47, "column": 10 } },
      "4": { "start": { "line": 49, "column": 23 }, "end": { "line": 71, "column": 10 } },
      "5": { "start": { "line": 73, "column": 28 }, "end": { "line": 135, "column": 2 } }
    },
    "fnMap": {},
    "branchMap": {},
    "s": { "0": 8, "1": 8, "2": 8, "3": 8, "4": 8, "5": 8 },
    "f": {},
    "b": {},
    "_coverageSchema": "1a1c01bbd47fc00a2c39e90264f33305004495a9",
    "hash": "ca79bea3269a2bdd3c46962ef5e1c03bf9d3e1da"
  }
}
