TN:
SF:services/imageCacheService.ts
FN:23,(anonymous_0)
FN:51,(anonymous_1)
FN:52,(anonymous_2)
FN:55,(anonymous_3)
FN:58,(anonymous_4)
FN:67,(anonymous_5)
FN:76,(anonymous_6)
FN:83,(anonymous_7)
FN:92,(anonymous_8)
FNF:9
FNH:9
FNDA:17,(anonymous_0)
FNDA:5,(anonymous_1)
FNDA:12,(anonymous_2)
FNDA:6,(anonymous_3)
FNDA:6,(anonymous_4)
FNDA:15,(anonymous_5)
FNDA:2,(anonymous_6)
FNDA:1,(anonymous_7)
FNDA:1,(anonymous_8)
DA:16,1
DA:17,1
DA:18,1
DA:23,1
DA:24,17
DA:26,16
DA:27,16
DA:29,16
DA:30,2
DA:31,2
DA:34,14
DA:36,14
DA:37,14
DA:38,11
DA:39,11
DA:41,3
DA:42,3
DA:44,3
DA:51,1
DA:52,12
DA:55,6
DA:58,6
DA:59,5
DA:60,2
DA:67,1
DA:68,15
DA:69,15
DA:70,15
DA:76,1
DA:77,2
DA:83,1
DA:92,1
DA:93,1
DA:94,1
DA:96,1
DA:97,0
DA:98,0
DA:99,0
DA:103,1
LF:39
LH:36
BRDA:24,0,0,1
BRDA:24,0,1,16
BRDA:29,1,0,2
BRDA:29,1,1,14
BRDA:29,2,0,16
BRDA:29,2,1,2
BRDA:41,3,0,3
BRDA:41,3,1,0
BRDA:59,4,0,2
BRDA:59,4,1,3
BRDA:97,5,0,0
BRDA:97,5,1,0
BRF:12
BRH:9
end_of_record
TN:
SF:services/locationService.ts
FN:11,(anonymous_0)
FN:19,(anonymous_1)
FN:48,(anonymous_2)
FNF:3
FNH:3
FNDA:8,(anonymous_0)
FNDA:4,(anonymous_1)
FNDA:2,(anonymous_2)
DA:11,1
DA:12,8
DA:13,8
DA:19,1
DA:20,4
DA:21,4
DA:22,4
DA:23,1
DA:24,1
DA:26,1
DA:29,3
DA:33,2
DA:38,1
DA:39,1
DA:41,1
DA:48,1
DA:49,2
DA:50,2
DA:51,2
DA:52,0
DA:55,2
DA:56,2
DA:57,1
DA:60,1
DA:65,0
DA:66,0
DA:68,0
LF:27
LH:23
BRDA:22,0,0,1
BRDA:22,0,1,3
BRDA:23,1,0,1
BRDA:23,1,1,0
BRDA:38,2,0,1
BRDA:38,2,1,0
BRDA:51,3,0,0
BRDA:51,3,1,2
BRDA:56,4,0,1
BRDA:56,4,1,1
BRDA:65,5,0,0
BRDA:65,5,1,0
BRF:12
BRH:7
end_of_record
TN:
SF:services/placesService.ts
FN:24,(anonymous_0)
FN:84,(anonymous_1)
FN:101,(anonymous_2)
FN:143,(anonymous_3)
FN:183,(anonymous_4)
FNF:5
FNH:5
FNDA:7,(anonymous_0)
FNDA:1,(anonymous_1)
FNDA:3,(anonymous_2)
FNDA:4,(anonymous_3)
FNDA:2,(anonymous_4)
DA:19,1
DA:24,1
DA:28,7
DA:29,2
DA:32,5
DA:33,5
DA:34,1
DA:35,1
DA:37,1
DA:41,4
DA:42,4
DA:45,4
DA:46,4
DA:52,4
DA:53,1
DA:64,4
DA:74,3
DA:76,3
DA:78,1
DA:79,1
DA:81,1
DA:84,2
DA:91,1
DA:92,1
DA:94,1
DA:101,1
DA:102,3
DA:103,3
DA:104,1
DA:107,2
DA:108,2
DA:116,2
DA:118,2
DA:119,1
DA:120,1
DA:122,1
DA:125,1
DA:133,0
DA:134,0
DA:136,0
DA:143,1
DA:144,4
DA:145,4
DA:146,1
DA:149,3
DA:150,3
DA:164,3
DA:174,3
DA:176,3
DA:177,1
DA:178,1
DA:180,1
DA:183,2
DA:190,0
DA:191,0
DA:193,0
LF:56
LH:50
BRDA:28,0,0,2
BRDA:28,0,1,5
BRDA:28,1,0,7
BRDA:28,1,1,6
BRDA:33,2,0,1
BRDA:33,2,1,4
BRDA:34,3,0,1
BRDA:34,3,1,0
BRDA:41,4,0,4
BRDA:41,4,1,0
BRDA:52,5,0,1
BRDA:52,5,1,3
BRDA:76,6,0,1
BRDA:76,6,1,2
BRDA:78,7,0,1
BRDA:78,7,1,0
BRDA:84,8,0,2
BRDA:84,8,1,0
BRDA:85,9,0,1
BRDA:85,9,1,0
BRDA:86,10,0,1
BRDA:86,10,1,0
BRDA:87,11,0,1
BRDA:87,11,1,0
BRDA:91,12,0,1
BRDA:91,12,1,0
BRDA:103,13,0,1
BRDA:103,13,1,2
BRDA:118,14,0,1
BRDA:118,14,1,1
BRDA:119,15,0,1
BRDA:119,15,1,0
BRDA:126,16,0,1
BRDA:126,16,1,0
BRDA:127,17,0,1
BRDA:127,17,1,0
BRDA:128,18,0,1
BRDA:128,18,1,0
BRDA:129,19,0,1
BRDA:129,19,1,0
BRDA:130,20,0,1
BRDA:130,20,1,0
BRDA:133,21,0,0
BRDA:133,21,1,0
BRDA:145,22,0,1
BRDA:145,22,1,3
BRDA:176,23,0,1
BRDA:176,23,1,2
BRDA:177,24,0,1
BRDA:177,24,1,0
BRDA:183,25,0,2
BRDA:183,25,1,0
BRDA:184,26,0,2
BRDA:184,26,1,0
BRDA:185,27,0,2
BRDA:185,27,1,0
BRDA:186,28,0,2
BRDA:186,28,1,0
BRDA:190,29,0,0
BRDA:190,29,1,0
BRF:60
BRH:37
end_of_record
TN:
SF:services/rankingsService.ts
FN:20,(anonymous_0)
FN:49,(anonymous_1)
FN:62,(anonymous_2)
FN:83,(anonymous_3)
FN:106,(anonymous_4)
FN:121,(anonymous_5)
FN:129,(anonymous_6)
FN:133,(anonymous_7)
FNF:8
FNH:8
FNDA:19,(anonymous_0)
FNDA:8,(anonymous_1)
FNDA:113,(anonymous_2)
FNDA:115,(anonymous_3)
FNDA:8,(anonymous_4)
FNDA:3,(anonymous_5)
FNDA:5,(anonymous_6)
FNDA:8,(anonymous_7)
DA:3,1
DA:20,1
DA:21,19
DA:22,19
DA:26,17
DA:27,17
DA:30,2
DA:31,1
DA:36,1
DA:37,1
DA:39,1
DA:49,1
DA:53,8
DA:55,8
DA:58,8
DA:61,8
DA:62,113
DA:65,8
DA:67,4
DA:68,4
DA:69,4
DA:70,0
DA:74,4
DA:83,115
DA:86,8
DA:89,8
DA:92,8
DA:94,7
DA:96,1
DA:97,1
DA:99,1
DA:106,1
DA:107,8
DA:109,8
DA:121,1
DA:122,3
DA:123,3
DA:129,1
DA:130,5
DA:131,5
DA:133,8
DA:135,5
LF:42
LH:41
BRDA:30,0,0,1
BRDA:30,0,1,1
BRDA:30,1,0,2
BRDA:30,1,1,1
BRDA:36,2,0,1
BRDA:36,2,1,0
BRDA:65,3,0,4
BRDA:65,3,1,4
BRDA:69,4,0,0
BRDA:69,4,1,4
BRDA:69,5,0,4
BRDA:69,5,1,0
BRDA:96,6,0,1
BRDA:96,6,1,0
BRDA:121,7,0,2
BRDA:135,8,0,4
BRDA:135,8,1,1
BRF:17
BRH:13
end_of_record
TN:
SF:services/storageService.ts
FN:12,(anonymous_0)
FN:23,(anonymous_1)
FN:53,(anonymous_2)
FN:67,(anonymous_3)
FNF:4
FNH:4
FNDA:6,(anonymous_0)
FNDA:2,(anonymous_1)
FNDA:1,(anonymous_2)
FNDA:1,(anonymous_3)
DA:12,1
DA:13,6
DA:14,6
DA:15,1
DA:17,5
DA:23,1
DA:24,2
DA:25,2
DA:27,2
DA:28,2
DA:29,1
DA:31,1
DA:33,1
DA:41,1
DA:43,1
DA:47,1
DA:53,1
DA:54,1
DA:56,1
DA:61,1
DA:67,1
DA:68,1
DA:70,1
LF:23
LH:23
BRDA:14,0,0,1
BRDA:14,0,1,5
BRDA:28,1,0,1
BRDA:28,1,1,1
BRF:4
BRH:4
end_of_record
TN:
SF:services/syncService.ts
FN:12,(anonymous_0)
FN:23,(anonymous_1)
FN:39,(anonymous_2)
FN:43,(anonymous_3)
FN:57,(anonymous_4)
FN:59,(anonymous_5)
FN:69,(anonymous_6)
FN:82,(anonymous_7)
FN:84,(anonymous_8)
FN:87,(anonymous_9)
FNF:10
FNH:9
FNDA:5,(anonymous_0)
FNDA:1,(anonymous_1)
FNDA:2,(anonymous_2)
FNDA:1,(anonymous_3)
FNDA:1,(anonymous_4)
FNDA:1,(anonymous_5)
FNDA:3,(anonymous_6)
FNDA:1,(anonymous_7)
FNDA:2,(anonymous_8)
FNDA:0,(anonymous_9)
DA:7,1
DA:12,1
DA:13,5
DA:14,5
DA:15,1
DA:17,4
DA:23,1
DA:39,1
DA:40,2
DA:42,1
DA:43,1
DA:44,1
DA:46,1
DA:54,1
DA:57,1
DA:58,1
DA:59,1
DA:60,1
DA:69,1
DA:70,3
DA:72,3
DA:73,3
DA:77,3
DA:78,2
DA:79,2
DA:81,2
DA:82,2
DA:84,2
DA:85,2
DA:86,2
DA:87,1
DA:88,0
DA:89,0
DA:90,0
DA:91,0
DA:92,0
DA:93,0
DA:94,0
DA:95,0
DA:96,0
DA:97,0
DA:98,0
DA:105,1
DA:106,1
LF:44
LH:33
BRDA:14,0,0,1
BRDA:14,0,1,4
BRDA:33,1,0,1
BRDA:33,1,1,0
BRDA:86,2,0,1
BRDA:86,2,1,1
BRDA:105,3,0,1
BRDA:105,3,1,0
BRF:8
BRH:6
end_of_record
TN:
SF:src/constants/ratings.ts
FNF:0
FNH:0
DA:1,2
DA:8,2
LF:2
LH:2
BRF:0
BRH:0
end_of_record
TN:
SF:src/constants/theme.ts
FNF:0
FNH:0
DA:3,8
DA:21,8
DA:30,8
DA:41,8
DA:49,8
DA:73,8
LF:6
LH:6
BRF:0
BRH:0
end_of_record
